The user aborted a request.

Retrying 1/3...
[Error: ENOENT: no such file or directory, stat 'C:\Users\IYANUOLUWA\Documents\React\eventchimp-v2\frontend\.next\cache\webpack\server-development\3.pack.gz'] {
  errno: -4058,
  code: 'ENOENT',
  syscall: 'stat',
  path: 'C:\\Users\\IYANUOLUWA\\Documents\\React\\eventchimp-v2\\frontend\\.next\\cache\\webpack\\server-development\\3.pack.gz'
}
 ⨯ unhandledRejection: [Error: ENOENT: no such file or directory, stat 'C:\Users\IYANUOLUWA\Documents\React\eventchimp-v2\frontend\.next\cache\webpack\server-development\3.pack.gz'] {
  errno: -4058,
  code: 'ENOENT',
  syscall: 'stat',
  path: 'C:\\Users\\IYANUOLUWA\\Documents\\React\\eventchimp-v2\\frontend\\.next\\cache\\webpack\\server-development\\3.pack.gz'
}
 ⨯ unhandledRejection: [Error: ENOENT: no such file or directory, stat 'C:\Users\IYANUOLUWA\Documents\React\eventchimp-v2\frontend\.next\cache\webpack\server-development\3.pack.gz'] {
  errno: -4058,
  code: 'ENOENT',
  syscall: 'stat',
  path: 'C:\\Users\\IYANUOLUWA\\Documents\\React\\eventchimp-v2\\frontend\\.next\\cache\\webpack\\server-development\\3.pack.gz'
}
<w> [webpack.cache.PackFileCacheStrategy] Caching failed for pack: Error: ENOENT: no such file or directory, stat 'C:\Users\IYANUOLUWA\Documents\React\eventchimp-v2\frontend\.next\cache\webpack\server-development\3.pack.gz'
<w> [webpack.cache.PackFileCacheStrategy/webpack.FileSystemInfo] Resolving '.pnpm/next@14.2.35_react-dom@18.3.1_react@18.3.1__react@18.3.1/node_modules/next/dist/client/components/action-async-storage.external' in C:\Users\IYANUOLUWA\Documents\React\eventchimp-v2\frontend\.next\server\app\_not-found for build dependencies doesn't lead to expected result 'C:\Users\IYANUOLUWA\Documents\React\eventchimp-v2\node_modules\.pnpm\next@14.2.35_react-dom@18.3.1_react@18.3.1__react@18.3.1\node_modules\next\dist\client\components\action-async-storage.external.js', but to 'C:\Users\IYANUOLUWA\Documents\React\eventchimp-v2\frontend\node_modules\.pnpm\next@14.2.35_react-dom@18.3.1_react@18.3.1__react@18.3.1\node_modules\next\dist\client\components\action-async-storage.external.js' instead. Resolving dependencies are ignored for this path.
<w>  at unknown 4 .pnpm/next@14.2.35_react-dom@18.3.1_react@18.3.1__react@18.3.1/node_modules/next/dist/client/components/action-async-storage.external
<w>  at file dependencies C:\Users\IYANUOLUWA\Documents\React\eventchimp-v2\frontend\.next\server\app\_not-found\page.js
<w>  at file C:\Users\IYANUOLUWA\Documents\React\eventchimp-v2\frontend\.next\server\app\_not-found\page.js
<w>  at file dependencies C:\Users\IYANUOLUWA\Documents\React\eventchimp-v2\node_modules\.pnpm\next@14.2.35_react-dom@18.3.1_react@18.3.1__react@18.3.1\node_modules\next\dist\server\require.js
<w>  at file C:\Users\IYANUOLUWA\Documents\React\eventchimp-v2\node_modules\.pnpm\next@14.2.35_react-dom@18.3.1_react@18.3.1__react@18.3.1\node_modules\next\dist\server\require.js
<w>  at file dependencies C:\Users\IYANUOLUWA\Documents\React\eventchimp-v2\node_modules\.pnpm\next@14.2.35_react-dom@18.3.1_react@18.3.1__react@18.3.1\node_modules\next\dist\server\load-components.js
<w>  at file C:\Users\IYANUOLUWA\Documents\React\eventchimp-v2\node_modules\.pnpm\next@14.2.35_react-dom@18.3.1_react@18.3.1__react@18.3.1\node_modules\next\dist\server\load-components.js
<w>  at file dependencies C:\Users\IYANUOLUWA\Documents\React\eventchimp-v2\node_modules\.pnpm\next@14.2.35_react-dom@18.3.1_react@18.3.1__react@18.3.1\node_modules\next\dist\build\utils.js
<w>  at file C:\Users\IYANUOLUWA\Documents\React\eventchimp-v2\node_modules\.pnpm\next@14.2.35_react-dom@18.3.1_react@18.3.1__react@18.3.1\node_modules\next\dist\build\utils.js
<w>  at file dependencies C:\Users\IYANUOLUWA\Documents\React\eventchimp-v2\node_modules\.pnpm\next@14.2.35_react-dom@18.3.1_react@18.3.1__react@18.3.1\node_modules\next\dist\build\webpack\plugins\flight-client-entry-plugin.js
<w>  at file C:\Users\IYANUOLUWA\Documents\React\eventchimp-v2\node_modules\.pnpm\next@14.2.35_react-dom@18.3.1_react@18.3.1__react@18.3.1\node_modules\next\dist\build\webpack\plugins\flight-client-entry-plugin.js
<w>  at file dependencies C:\Users\IYANUOLUWA\Documents\React\eventchimp-v2\node_modules\.pnpm\next@14.2.35_react-dom@18.3.1_react@18.3.1__react@18.3.1\node_modules\next\dist\build\webpack-config.js
<w>  at file C:\Users\IYANUOLUWA\Documents\React\eventchimp-v2\node_modules\.pnpm\next@14.2.35_react-dom@18.3.1_react@18.3.1__react@18.3.1\node_modules\next\dist\build\webpack-config.js
<w>  at file dependencies C:\Users\IYANUOLUWA\Documents\React\eventchimp-v2\node_modules\.pnpm\next@14.2.35_react-dom@18.3.1_react@18.3.1__react@18.3.1\node_modules\next\dist\build\webpack\loaders\next-swc-loader.js
<w>  at file C:\Users\IYANUOLUWA\Documents\React\eventchimp-v2\node_modules\.pnpm\next@14.2.35_react-dom@18.3.1_react@18.3.1__react@18.3.1\node_modules\next\dist\build\webpack\loaders\next-swc-loader.js
<w>  at file dependencies C:\Users\IYANUOLUWA\Documents\React\eventchimp-v2\node_modules\.pnpm\next@14.2.35_react-dom@18.3.1_react@18.3.1__react@18.3.1\node_modules\next\dist\compiled\loader-runner\LoaderRunner.js
<w>  at file C:\Users\IYANUOLUWA\Documents\React\eventchimp-v2\node_modules\.pnpm\next@14.2.35_react-dom@18.3.1_react@18.3.1__react@18.3.1\node_modules\next\dist\compiled\loader-runner\LoaderRunner.js
<w>  at file dependencies C:\Users\IYANUOLUWA\Documents\React\eventchimp-v2\node_modules\.pnpm\next@14.2.35_react-dom@18.3.1_react@18.3.1__react@18.3.1\node_modules\next\dist\compiled\webpack\bundle5.js
<w>  at file C:\Users\IYANUOLUWA\Documents\React\eventchimp-v2\node_modules\.pnpm\next@14.2.35_react-dom@18.3.1_react@18.3.1__react@18.3.1\node_modules\next\dist\compiled\webpack\bundle5.js
<w>  at file dependencies C:\Users\IYANUOLUWA\Documents\React\eventchimp-v2\node_modules\.pnpm\next@14.2.35_react-dom@18.3.1_react@18.3.1__react@18.3.1\node_modules\next\dist\compiled\webpack\webpack.js
<w>  at file C:\Users\IYANUOLUWA\Documents\React\eventchimp-v2\node_modules\.pnpm\next@14.2.35_react-dom@18.3.1_react@18.3.1__react@18.3.1\node_modules\next\dist\compiled\webpack\webpack.js
<w>  at file dependencies C:\Users\IYANUOLUWA\Documents\React\eventchimp-v2\node_modules\.pnpm\next@14.2.35_react-dom@18.3.1_react@18.3.1__react@18.3.1\node_modules\next\dist\build\webpack\plugins\define-env-plugin.js
<w>  at file C:\Users\IYANUOLUWA\Documents\React\eventchimp-v2\node_modules\.pnpm\next@14.2.35_react-dom@18.3.1_react@18.3.1__react@18.3.1\node_modules\next\dist\build\webpack\plugins\define-env-plugin.js
<w>  at file dependencies C:\Users\IYANUOLUWA\Documents\React\eventchimp-v2\node_modules\.pnpm\next@14.2.35_react-dom@18.3.1_react@18.3.1__react@18.3.1\node_modules\next\dist\build\swc\index.js
<w>  at file C:\Users\IYANUOLUWA\Documents\React\eventchimp-v2\node_modules\.pnpm\next@14.2.35_react-dom@18.3.1_react@18.3.1__react@18.3.1\node_modules\next\dist\build\swc\index.js
<w>  at file dependencies C:\Users\IYANUOLUWA\Documents\React\eventchimp-v2\node_modules\.pnpm\next@14.2.35_react-dom@18.3.1_react@18.3.1__react@18.3.1\node_modules\next\dist\build\webpack\loaders\next-barrel-loader.js
<w>  at file C:\Users\IYANUOLUWA\Documents\React\eventchimp-v2\node_modules\.pnpm\next@14.2.35_react-dom@18.3.1_react@18.3.1__react@18.3.1\node_modules\next\dist\build\webpack\loaders\next-barrel-loader.js
<w>  at resolve commonjs C:\Users\IYANUOLUWA\Documents\React\eventchimp-v2\node_modules\.pnpm\next@14.2.35_react-dom@18.3.1_react@18.3.1__react@18.3.1\node_modules\next\dist\build\webpack\loaders\next-barrel-loader.js
<w> [webpack.cache.PackFileCacheStrategy/webpack.FileSystemInfo] Resolving '.pnpm/next@14.2.35_react-dom@18.3.1_react@18.3.1__react@18.3.1/node_modules/next/dist/client/components/request-async-storage.external' in C:\Users\IYANUOLUWA\Documents\React\eventchimp-v2\frontend\.next\server\app\_not-found for build dependencies doesn't lead to expected result 'C:\Users\IYANUOLUWA\Documents\React\eventchimp-v2\node_modules\.pnpm\next@14.2.35_react-dom@18.3.1_react@18.3.1__react@18.3.1\node_modules\next\dist\client\components\request-async-storage.external.js', but to 'C:\Users\IYANUOLUWA\Documents\React\eventchimp-v2\frontend\node_modules\.pnpm\next@14.2.35_react-dom@18.3.1_react@18.3.1__react@18.3.1\node_modules\next\dist\client\components\request-async-storage.external.js' instead. Resolving dependencies are ignored for this path.
<w>  at unknown 4 .pnpm/next@14.2.35_react-dom@18.3.1_react@18.3.1__react@18.3.1/node_modules/next/dist/client/components/request-async-storage.external
<w>  at file dependencies C:\Users\IYANUOLUWA\Documents\React\eventchimp-v2\frontend\.next\server\app\_not-found\page.js
<w>  at file C:\Users\IYANUOLUWA\Documents\React\eventchimp-v2\frontend\.next\server\app\_not-found\page.js
<w>  at file dependencies C:\Users\IYANUOLUWA\Documents\React\eventchimp-v2\node_modules\.pnpm\next@14.2.35_react-dom@18.3.1_react@18.3.1__react@18.3.1\node_modules\next\dist\server\require.js
<w>  at file C:\Users\IYANUOLUWA\Documents\React\eventchimp-v2\node_modules\.pnpm\next@14.2.35_react-dom@18.3.1_react@18.3.1__react@18.3.1\node_modules\next\dist\server\require.js
<w>  at file dependencies C:\Users\IYANUOLUWA\Documents\React\eventchimp-v2\node_modules\.pnpm\next@14.2.35_react-dom@18.3.1_react@18.3.1__react@18.3.1\node_modules\next\dist\server\load-components.js
<w>  at file C:\Users\IYANUOLUWA\Documents\React\eventchimp-v2\node_modules\.pnpm\next@14.2.35_react-dom@18.3.1_react@18.3.1__react@18.3.1\node_modules\next\dist\server\load-components.js
<w>  at file dependencies C:\Users\IYANUOLUWA\Documents\React\eventchimp-v2\node_modules\.pnpm\next@14.2.35_react-dom@18.3.1_react@18.3.1__react@18.3.1\node_modules\next\dist\build\utils.js
<w>  at file C:\Users\IYANUOLUWA\Documents\React\eventchimp-v2\node_modules\.pnpm\next@14.2.35_react-dom@18.3.1_react@18.3.1__react@18.3.1\node_modules\next\dist\build\utils.js
<w>  at file dependencies C:\Users\IYANUOLUWA\Documents\React\eventchimp-v2\node_modules\.pnpm\next@14.2.35_react-dom@18.3.1_react@18.3.1__react@18.3.1\node_modules\next\dist\build\webpack\plugins\flight-client-entry-plugin.js
<w>  at file C:\Users\IYANUOLUWA\Documents\React\eventchimp-v2\node_modules\.pnpm\next@14.2.35_react-dom@18.3.1_react@18.3.1__react@18.3.1\node_modules\next\dist\build\webpack\plugins\flight-client-entry-plugin.js
<w>  at file dependencies C:\Users\IYANUOLUWA\Documents\React\eventchimp-v2\node_modules\.pnpm\next@14.2.35_react-dom@18.3.1_react@18.3.1__react@18.3.1\node_modules\next\dist\build\webpack-config.js
<w>  at file C:\Users\IYANUOLUWA\Documents\React\eventchimp-v2\node_modules\.pnpm\next@14.2.35_react-dom@18.3.1_react@18.3.1__react@18.3.1\node_modules\next\dist\build\webpack-config.js
<w>  at file dependencies C:\Users\IYANUOLUWA\Documents\React\eventchimp-v2\node_modules\.pnpm\next@14.2.35_react-dom@18.3.1_react@18.3.1__react@18.3.1\node_modules\next\dist\build\webpack\loaders\next-swc-loader.js
<w>  at file C:\Users\IYANUOLUWA\Documents\React\eventchimp-v2\node_modules\.pnpm\next@14.2.35_react-dom@18.3.1_react@18.3.1__react@18.3.1\node_modules\next\dist\build\webpack\loaders\next-swc-loader.js
<w>  at file dependencies C:\Users\IYANUOLUWA\Documents\React\eventchimp-v2\node_modules\.pnpm\next@14.2.35_react-dom@18.3.1_react@18.3.1__react@18.3.1\node_modules\next\dist\compiled\loader-runner\LoaderRunner.js
<w>  at file C:\Users\IYANUOLUWA\Documents\React\eventchimp-v2\node_modules\.pnpm\next@14.2.35_react-dom@18.3.1_react@18.3.1__react@18.3.1\node_modules\next\dist\compiled\loader-runner\LoaderRunner.js
<w>  at file dependencies C:\Users\IYANUOLUWA\Documents\React\eventchimp-v2\node_modules\.pnpm\next@14.2.35_react-dom@18.3.1_react@18.3.1__react@18.3.1\node_modules\next\dist\compiled\webpack\bundle5.js
<w>  at file C:\Users\IYANUOLUWA\Documents\React\eventchimp-v2\node_modules\.pnpm\next@14.2.35_react-dom@18.3.1_react@18.3.1__react@18.3.1\node_modules\next\dist\compiled\webpack\bundle5.js
<w>  at file dependencies C:\Users\IYANUOLUWA\Documents\React\eventchimp-v2\node_modules\.pnpm\next@14.2.35_react-dom@18.3.1_react@18.3.1__react@18.3.1\node_modules\next\dist\compiled\webpack\webpack.js
<w>  at file C:\Users\IYANUOLUWA\Documents\React\eventchimp-v2\node_modules\.pnpm\next@14.2.35_react-dom@18.3.1_react@18.3.1__react@18.3.1\node_modules\next\dist\compiled\webpack\webpack.js
<w>  at file dependencies C:\Users\IYANUOLUWA\Documents\React\eventchimp-v2\node_modules\.pnpm\next@14.2.35_react-dom@18.3.1_react@18.3.1__react@18.3.1\node_modules\next\dist\build\webpack\plugins\define-env-plugin.js
<w>  at file C:\Users\IYANUOLUWA\Documents\React\eventchimp-v2\node_modules\.pnpm\next@14.2.35_react-dom@18.3.1_react@18.3.1__react@18.3.1\node_modules\next\dist\build\webpack\plugins\define-env-plugin.js
<w>  at file dependencies C:\Users\IYANUOLUWA\Documents\React\eventchimp-v2\node_modules\.pnpm\next@14.2.35_react-dom@18.3.1_react@18.3.1__react@18.3.1\node_modules\next\dist\build\swc\index.js
<w>  at file C:\Users\IYANUOLUWA\Documents\React\eventchimp-v2\node_modules\.pnpm\next@14.2.35_react-dom@18.3.1_react@18.3.1__react@18.3.1\node_modules\next\dist\build\swc\index.js
<w>  at file dependencies C:\Users\IYANUOLUWA\Documents\React\eventchimp-v2\node_modules\.pnpm\next@14.2.35_react-dom@18.3.1_react@18.3.1__react@18.3.1\node_modules\next\dist\build\webpack\loaders\next-barrel-loader.js
<w>  at file C:\Users\IYANUOLUWA\Documents\React\eventchimp-v2\node_modules\.pnpm\next@14.2.35_react-dom@18.3.1_react@18.3.1__react@18.3.1\node_modules\next\dist\build\webpack\loaders\next-barrel-loader.js
<w>  at resolve commonjs C:\Users\IYANUOLUWA\Documents\React\eventchimp-v2\node_modules\.pnpm\next@14.2.35_react-dom@18.3.1_react@18.3.1__react@18.3.1\node_modules\next\dist\build\webpack\loaders\next-barrel-loader.js
<w> [webpack.cache.PackFileCacheStrategy/webpack.FileSystemInfo] Resolving '.pnpm/next@14.2.35_react-dom@18.3.1_react@18.3.1__react@18.3.1/node_modules/next/dist/client/components/static-generation-async-storage.external' in C:\Users\IYANUOLUWA\Documents\React\eventchimp-v2\frontend\.next\server\app\_not-found for build dependencies doesn't lead to expected result 'C:\Users\IYANUOLUWA\Documents\React\eventchimp-v2\node_modules\.pnpm\next@14.2.35_react-dom@18.3.1_react@18.3.1__react@18.3.1\node_modules\next\dist\client\components\static-generation-async-storage.external.js', but to 'C:\Users\IYANUOLUWA\Documents\React\eventchimp-v2\frontend\node_modules\.pnpm\next@14.2.35_react-dom@18.3.1_react@18.3.1__react@18.3.1\node_modules\next\dist\client\components\static-generation-async-storage.external.js' instead. Resolving dependencies are ignored for this path.
<w>  at unknown 4 .pnpm/next@14.2.35_react-dom@18.3.1_react@18.3.1__react@18.3.1/node_modules/next/dist/client/components/static-generation-async-storage.external
<w>  at file dependencies C:\Users\IYANUOLUWA\Documents\React\eventchimp-v2\frontend\.next\server\app\_not-found\page.js
<w>  at file C:\Users\IYANUOLUWA\Documents\React\eventchimp-v2\frontend\.next\server\app\_not-found\page.js
<w>  at file dependencies C:\Users\IYANUOLUWA\Documents\React\eventchimp-v2\node_modules\.pnpm\next@14.2.35_react-dom@18.3.1_react@18.3.1__react@18.3.1\node_modules\next\dist\server\require.js
<w>  at file C:\Users\IYANUOLUWA\Documents\React\eventchimp-v2\node_modules\.pnpm\next@14.2.35_react-dom@18.3.1_react@18.3.1__react@18.3.1\node_modules\next\dist\server\require.js
<w>  at file dependencies C:\Users\IYANUOLUWA\Documents\React\eventchimp-v2\node_modules\.pnpm\next@14.2.35_react-dom@18.3.1_react@18.3.1__react@18.3.1\node_modules\next\dist\server\load-components.js
<w>  at file C:\Users\IYANUOLUWA\Documents\React\eventchimp-v2\node_modules\.pnpm\next@14.2.35_react-dom@18.3.1_react@18.3.1__react@18.3.1\node_modules\next\dist\server\load-components.js
<w>  at file dependencies C:\Users\IYANUOLUWA\Documents\React\eventchimp-v2\node_modules\.pnpm\next@14.2.35_react-dom@18.3.1_react@18.3.1__react@18.3.1\node_modules\next\dist\build\utils.js
<w>  at file C:\Users\IYANUOLUWA\Documents\React\eventchimp-v2\node_modules\.pnpm\next@14.2.35_react-dom@18.3.1_react@18.3.1__react@18.3.1\node_modules\next\dist\build\utils.js
<w>  at file dependencies C:\Users\IYANUOLUWA\Documents\React\eventchimp-v2\node_modules\.pnpm\next@14.2.35_react-dom@18.3.1_react@18.3.1__react@18.3.1\node_modules\next\dist\build\webpack\plugins\flight-client-entry-plugin.js
<w>  at file C:\Users\IYANUOLUWA\Documents\React\eventchimp-v2\node_modules\.pnpm\next@14.2.35_react-dom@18.3.1_react@18.3.1__react@18.3.1\node_modules\next\dist\build\webpack\plugins\flight-client-entry-plugin.js
<w>  at file dependencies C:\Users\IYANUOLUWA\Documents\React\eventchimp-v2\node_modules\.pnpm\next@14.2.35_react-dom@18.3.1_react@18.3.1__react@18.3.1\node_modules\next\dist\build\webpack-config.js
<w>  at file C:\Users\IYANUOLUWA\Documents\React\eventchimp-v2\node_modules\.pnpm\next@14.2.35_react-dom@18.3.1_react@18.3.1__react@18.3.1\node_modules\next\dist\build\webpack-config.js
<w>  at file dependencies C:\Users\IYANUOLUWA\Documents\React\eventchimp-v2\node_modules\.pnpm\next@14.2.35_react-dom@18.3.1_react@18.3.1__react@18.3.1\node_modules\next\dist\build\webpack\loaders\next-swc-loader.js
<w>  at file C:\Users\IYANUOLUWA\Documents\React\eventchimp-v2\node_modules\.pnpm\next@14.2.35_react-dom@18.3.1_react@18.3.1__react@18.3.1\node_modules\next\dist\build\webpack\loaders\next-swc-loader.js
<w>  at file dependencies C:\Users\IYANUOLUWA\Documents\React\eventchimp-v2\node_modules\.pnpm\next@14.2.35_react-dom@18.3.1_react@18.3.1__react@18.3.1\node_modules\next\dist\compiled\loader-runner\LoaderRunner.js
<w>  at file C:\Users\IYANUOLUWA\Documents\React\eventchimp-v2\node_modules\.pnpm\next@14.2.35_react-dom@18.3.1_react@18.3.1__react@18.3.1\node_modules\next\dist\compiled\loader-runner\LoaderRunner.js
<w>  at file dependencies C:\Users\IYANUOLUWA\Documents\React\eventchimp-v2\node_modules\.pnpm\next@14.2.35_react-dom@18.3.1_react@18.3.1__react@18.3.1\node_modules\next\dist\compiled\webpack\bundle5.js
<w>  at file C:\Users\IYANUOLUWA\Documents\React\eventchimp-v2\node_modules\.pnpm\next@14.2.35_react-dom@18.3.1_react@18.3.1__react@18.3.1\node_modules\next\dist\compiled\webpack\bundle5.js
<w>  at file dependencies C:\Users\IYANUOLUWA\Documents\React\eventchimp-v2\node_modules\.pnpm\next@14.2.35_react-dom@18.3.1_react@18.3.1__react@18.3.1\node_modules\next\dist\compiled\webpack\webpack.js
<w>  at file C:\Users\IYANUOLUWA\Documents\React\eventchimp-v2\node_modules\.pnpm\next@14.2.35_react-dom@18.3.1_react@18.3.1__react@18.3.1\node_modules\next\dist\compiled\webpack\webpack.js
<w>  at file dependencies C:\Users\IYANUOLUWA\Documents\React\eventchimp-v2\node_modules\.pnpm\next@14.2.35_react-dom@18.3.1_react@18.3.1__react@18.3.1\node_modules\next\dist\build\webpack\plugins\define-env-plugin.js
<w>  at file C:\Users\IYANUOLUWA\Documents\React\eventchimp-v2\node_modules\.pnpm\next@14.2.35_react-dom@18.3.1_react@18.3.1__react@18.3.1\node_modules\next\dist\build\webpack\plugins\define-env-plugin.js
<w>  at file dependencies C:\Users\IYANUOLUWA\Documents\React\eventchimp-v2\node_modules\.pnpm\next@14.2.35_react-dom@18.3.1_react@18.3.1__react@18.3.1\node_modules\next\dist\build\swc\index.js
<w>  at file C:\Users\IYANUOLUWA\Documents\React\eventchimp-v2\node_modules\.pnpm\next@14.2.35_react-dom@18.3.1_react@18.3.1__react@18.3.1\node_modules\next\dist\build\swc\index.js
<w>  at file dependencies C:\Users\IYANUOLUWA\Documents\React\eventchimp-v2\node_modules\.pnpm\next@14.2.35_react-dom@18.3.1_react@18.3.1__react@18.3.1\node_modules\next\dist\build\webpack\loaders\next-barrel-loader.js
<w>  at file C:\Users\IYANUOLUWA\Documents\React\eventchimp-v2\node_modules\.pnpm\next@14.2.35_react-dom@18.3.1_react@18.3.1__react@18.3.1\node_modules\next\dist\build\webpack\loaders\next-barrel-loader.js
<w>  at resolve commonjs C:\Users\IYANUOLUWA\Documents\React\eventchimp-v2\node_modules\.pnpm\next@14.2.35_react-dom@18.3.1_react@18.3.1__react@18.3.1\node_modules\next\dist\build\webpack\loaders\next-barrel-loader.js
<w> [webpack.cache.PackFileCacheStrategy/webpack.FileSystemInfo] Resolving '.pnpm/next@14.2.35_react-dom@18.3.1_react@18.3.1__react@18.3.1/node_modules/next/dist/compiled/next-server/app-page.runtime.dev' in C:\Users\IYANUOLUWA\Documents\React\eventchimp-v2\frontend\.next\server\app\_not-found for build dependencies doesn't lead to expected result 'C:\Users\IYANUOLUWA\Documents\React\eventchimp-v2\node_modules\.pnpm\next@14.2.35_react-dom@18.3.1_react@18.3.1__react@18.3.1\node_modules\next\dist\compiled\next-server\app-page.runtime.dev.js', but to 'C:\Users\IYANUOLUWA\Documents\React\eventchimp-v2\frontend\node_modules\.pnpm\next@14.2.35_react-dom@18.3.1_react@18.3.1__react@18.3.1\node_modules\next\dist\compiled\next-server\app-page.runtime.dev.js' instead. Resolving dependencies are ignored for this path.
<w>  at unknown 4 .pnpm/next@14.2.35_react-dom@18.3.1_react@18.3.1__react@18.3.1/node_modules/next/dist/compiled/next-server/app-page.runtime.dev
<w>  at file dependencies C:\Users\IYANUOLUWA\Documents\React\eventchimp-v2\frontend\.next\server\app\_not-found\page.js
<w>  at file C:\Users\IYANUOLUWA\Documents\React\eventchimp-v2\frontend\.next\server\app\_not-found\page.js
<w>  at file dependencies C:\Users\IYANUOLUWA\Documents\React\eventchimp-v2\node_modules\.pnpm\next@14.2.35_react-dom@18.3.1_react@18.3.1__react@18.3.1\node_modules\next\dist\server\require.js
<w>  at file C:\Users\IYANUOLUWA\Documents\React\eventchimp-v2\node_modules\.pnpm\next@14.2.35_react-dom@18.3.1_react@18.3.1__react@18.3.1\node_modules\next\dist\server\require.js
<w>  at file dependencies C:\Users\IYANUOLUWA\Documents\React\eventchimp-v2\node_modules\.pnpm\next@14.2.35_react-dom@18.3.1_react@18.3.1__react@18.3.1\node_modules\next\dist\server\load-components.js
<w>  at file C:\Users\IYANUOLUWA\Documents\React\eventchimp-v2\node_modules\.pnpm\next@14.2.35_react-dom@18.3.1_react@18.3.1__react@18.3.1\node_modules\next\dist\server\load-components.js
<w>  at file dependencies C:\Users\IYANUOLUWA\Documents\React\eventchimp-v2\node_modules\.pnpm\next@14.2.35_react-dom@18.3.1_react@18.3.1__react@18.3.1\node_modules\next\dist\build\utils.js
<w>  at file C:\Users\IYANUOLUWA\Documents\React\eventchimp-v2\node_modules\.pnpm\next@14.2.35_react-dom@18.3.1_react@18.3.1__react@18.3.1\node_modules\next\dist\build\utils.js
<w>  at file dependencies C:\Users\IYANUOLUWA\Documents\React\eventchimp-v2\node_modules\.pnpm\next@14.2.35_react-dom@18.3.1_react@18.3.1__react@18.3.1\node_modules\next\dist\build\webpack\plugins\flight-client-entry-plugin.js
<w>  at file C:\Users\IYANUOLUWA\Documents\React\eventchimp-v2\node_modules\.pnpm\next@14.2.35_react-dom@18.3.1_react@18.3.1__react@18.3.1\node_modules\next\dist\build\webpack\plugins\flight-client-entry-plugin.js
<w>  at file dependencies C:\Users\IYANUOLUWA\Documents\React\eventchimp-v2\node_modules\.pnpm\next@14.2.35_react-dom@18.3.1_react@18.3.1__react@18.3.1\node_modules\next\dist\build\webpack-config.js
<w>  at file C:\Users\IYANUOLUWA\Documents\React\eventchimp-v2\node_modules\.pnpm\next@14.2.35_react-dom@18.3.1_react@18.3.1__react@18.3.1\node_modules\next\dist\build\webpack-config.js
<w>  at file dependencies C:\Users\IYANUOLUWA\Documents\React\eventchimp-v2\node_modules\.pnpm\next@14.2.35_react-dom@18.3.1_react@18.3.1__react@18.3.1\node_modules\next\dist\build\webpack\loaders\next-swc-loader.js
<w>  at file C:\Users\IYANUOLUWA\Documents\React\eventchimp-v2\node_modules\.pnpm\next@14.2.35_react-dom@18.3.1_react@18.3.1__react@18.3.1\node_modules\next\dist\build\webpack\loaders\next-swc-loader.js
<w>  at file dependencies C:\Users\IYANUOLUWA\Documents\React\eventchimp-v2\node_modules\.pnpm\next@14.2.35_react-dom@18.3.1_react@18.3.1__react@18.3.1\node_modules\next\dist\compiled\loader-runner\LoaderRunner.js
<w>  at file C:\Users\IYANUOLUWA\Documents\React\eventchimp-v2\node_modules\.pnpm\next@14.2.35_react-dom@18.3.1_react@18.3.1__react@18.3.1\node_modules\next\dist\compiled\loader-runner\LoaderRunner.js
<w>  at file dependencies C:\Users\IYANUOLUWA\Documents\React\eventchimp-v2\node_modules\.pnpm\next@14.2.35_react-dom@18.3.1_react@18.3.1__react@18.3.1\node_modules\next\dist\compiled\webpack\bundle5.js
<w>  at file C:\Users\IYANUOLUWA\Documents\React\eventchimp-v2\node_modules\.pnpm\next@14.2.35_react-dom@18.3.1_react@18.3.1__react@18.3.1\node_modules\next\dist\compiled\webpack\bundle5.js
<w>  at file dependencies C:\Users\IYANUOLUWA\Documents\React\eventchimp-v2\node_modules\.pnpm\next@14.2.35_react-dom@18.3.1_react@18.3.1__react@18.3.1\node_modules\next\dist\compiled\webpack\webpack.js
<w>  at file C:\Users\IYANUOLUWA\Documents\React\eventchimp-v2\node_modules\.pnpm\next@14.2.35_react-dom@18.3.1_react@18.3.1__react@18.3.1\node_modules\next\dist\compiled\webpack\webpack.js
<w>  at file dependencies C:\Users\IYANUOLUWA\Documents\React\eventchimp-v2\node_modules\.pnpm\next@14.2.35_react-dom@18.3.1_react@18.3.1__react@18.3.1\node_modules\next\dist\build\webpack\plugins\define-env-plugin.js
<w>  at file C:\Users\IYANUOLUWA\Documents\React\eventchimp-v2\node_modules\.pnpm\next@14.2.35_react-dom@18.3.1_react@18.3.1__react@18.3.1\node_modules\next\dist\build\webpack\plugins\define-env-plugin.js
<w>  at file dependencies C:\Users\IYANUOLUWA\Documents\React\eventchimp-v2\node_modules\.pnpm\next@14.2.35_react-dom@18.3.1_react@18.3.1__react@18.3.1\node_modules\next\dist\build\swc\index.js
<w>  at file C:\Users\IYANUOLUWA\Documents\React\eventchimp-v2\node_modules\.pnpm\next@14.2.35_react-dom@18.3.1_react@18.3.1__react@18.3.1\node_modules\next\dist\build\swc\index.js
<w>  at file dependencies C:\Users\IYANUOLUWA\Documents\React\eventchimp-v2\node_modules\.pnpm\next@14.2.35_react-dom@18.3.1_react@18.3.1__react@18.3.1\node_modules\next\dist\build\webpack\loaders\next-barrel-loader.js
<w>  at file C:\Users\IYANUOLUWA\Documents\React\eventchimp-v2\node_modules\.pnpm\next@14.2.35_react-dom@18.3.1_react@18.3.1__react@18.3.1\node_modules\next\dist\build\webpack\loaders\next-barrel-loader.js
<w>  at resolve commonjs C:\Users\IYANUOLUWA\Documents\React\eventchimp-v2\node_modules\.pnpm\next@14.2.35_react-dom@18.3.1_react@18.3.1__react@18.3.1\node_modules\next\dist\build\webpack\loaders\next-barrel-loader.js
