
> eventchimp-frontend@1.0.0 dev C:\Users\IYANUOLUWA\Documents\React\eventchimp-v2\frontend
> pnpm --dir .. --filter eventchimp-frontend exec next dev

  ▲ Next.js 14.2.35
  - Local:        http://localhost:3000

 ✓ Starting...
 ✓ Ready in 15.1s
 ○ Compiling / ...
 ✓ Compiled / in 60.5s (991 modules)
 GET / 200 in 36349ms
 GET / 200 in 62854ms
 ○ Compiling /login ...
 ✓ Compiled /login in 4s (991 modules)
 ○ Compiling /signup ...
 ✓ Compiled /signup in 2.6s (987 modules)
 GET /login 200 in 733ms
 ✓ Compiled in 4.1s (1013 modules)
 ✓ Compiled in 6.1s (1021 modules)
 ✓ Compiled in 3.5s (1019 modules)
 ○ Compiling /events ...
 ✓ Compiled /events in 6.1s (1035 modules)
 ○ Compiling /dashboard/events/new ...
 ✓ Compiled /dashboard/events/new in 4.5s (1061 modules)
 ○ Compiling /_error ...
 GET / 200 in 2128ms
 GET /signup 500 in 8498ms
 GET /login 500 in 9348ms
 ✓ Compiled /_error in 12.3s (1266 modules)
 GET /events 200 in 749ms
 ○ Compiling /_not-found ...
 ✓ Compiled /_not-found in 3.4s (1269 modules)
 GET /_next/static/css/app/layout.css?v=1776397159777 404 in 4473ms
 GET /_next/static/chunks/main-app.js?v=1776397159777 404 in 3928ms
 GET /_next/static/chunks/app-pages-internals.js 404 in 3883ms
 GET /_next/static/chunks/app/events/page.js 404 in 114ms
 GET /_next/static/chunks/app/layout.js 404 in 130ms
 GET /login 200 in 120ms
 GET /signup 200 in 182ms
 GET /events 200 in 173ms
 GET /_next/static/css/app/layout.css?v=1776397487612 404 in 593ms
 GET /_next/static/chunks/main-app.js?v=1776397487612 404 in 232ms
 GET /_next/static/chunks/app-pages-internals.js 404 in 468ms
 GET /_next/static/chunks/app/events/page.js 404 in 471ms
 GET /_next/static/chunks/app/layout.js 404 in 467ms
 ELIFECYCLE  Command failed with exit code 3221225786.
