The user aborted a request.

Retrying 1/3...
<w> [webpack.cache.PackFileCacheStrategy/webpack.FileSystemInfo] Resolving '.pnpm/next@14.2.35_react-dom@18.3.1_react@18.3.1__react@18.3.1/node_modules/next/dist/client/components/action-async-storage.external' in C:\Users\IYANUOLUWA\Documents\React\eventchimp-v2\frontend\.next\server\app for build dependencies doesn't lead to expected result 'C:\Users\IYANUOLUWA\Documents\React\eventchimp-v2\node_modules\.pnpm\next@14.2.35_react-dom@18.3.1_react@18.3.1__react@18.3.1\node_modules\next\dist\client\components\action-async-storage.external.js', but to 'C:\Users\IYANUOLUWA\Documents\React\eventchimp-v2\frontend\node_modules\.pnpm\next@14.2.35_react-dom@18.3.1_react@18.3.1__react@18.3.1\node_modules\next\dist\client\components\action-async-storage.external.js' instead. Resolving dependencies are ignored for this path.
<w>  at unknown 4 .pnpm/next@14.2.35_react-dom@18.3.1_react@18.3.1__react@18.3.1/node_modules/next/dist/client/components/action-async-storage.external
<w>  at file dependencies C:\Users\IYANUOLUWA\Documents\React\eventchimp-v2\frontend\.next\server\app\page.js
<w>  at file C:\Users\IYANUOLUWA\Documents\React\eventchimp-v2\frontend\.next\server\app\page.js
<w>  at file dependencies C:\Users\IYANUOLUWA\Documents\React\eventchimp-v2\node_modules\.pnpm\next@14.2.35_react-dom@18.3.1_react@18.3.1__react@18.3.1\node_modules\next\dist\server\require.js
<w>  at file C:\Users\IYANUOLUWA\Documents\React\eventchimp-v2\node_modules\.pnpm\next@14.2.35_react-dom@18.3.1_react@18.3.1__react@18.3.1\node_modules\next\dist\server\require.js
<w>  at file dependencies C:\Users\IYANUOLUWA\Documents\React\eventchimp-v2\node_modules\.pnpm\next@14.2.35_react-dom@18.3.1_react@18.3.1__react@18.3.1\node_modules\next\dist\server\load-components.js
<w>  at file C:\Users\IYANUOLUWA\Documents\React\eventchimp-v2\node_modules\.pnpm\next@14.2.35_react-dom@18.3.1_react@18.3.1__react@18.3.1\node_modules\next\dist\server\load-components.js
<w>  at file dependencies C:\Users\IYANUOLUWA\Documents\React\eventchimp-v2\node_modules\.pnpm\next@14.2.35_react-dom@18.3.1_react@18.3.1__react@18.3.1\node_modules\next\dist\build\utils.js
<w>  at file C:\Users\IYANUOLUWA\Documents\React\eventchimp-v2\node_modules\.pnpm\next@14.2.35_react-dom@18.3.1_react@18.3.1__react@18.3.1\node_modules\next\dist\build\utils.js
<w>  at file dependencies C:\Users\IYANUOLUWA\Documents\React\eventchimp-v2\node_modules\.pnpm\next@14.2.35_react-dom@18.3.1_react@18.3.1__react@18.3.1\node_modules\next\dist\build\webpack\loaders\next-app-loader.js
<w>  at file C:\Users\IYANUOLUWA\Documents\React\eventchimp-v2\node_modules\.pnpm\next@14.2.35_react-dom@18.3.1_react@18.3.1__react@18.3.1\node_modules\next\dist\build\webpack\loaders\next-app-loader.js
<w>  at file dependencies C:\Users\IYANUOLUWA\Documents\React\eventchimp-v2\node_modules\.pnpm\next@14.2.35_react-dom@18.3.1_react@18.3.1__react@18.3.1\node_modules\next\dist\compiled\loader-runner\LoaderRunner.js
<w>  at file C:\Users\IYANUOLUWA\Documents\React\eventchimp-v2\node_modules\.pnpm\next@14.2.35_react-dom@18.3.1_react@18.3.1__react@18.3.1\node_modules\next\dist\compiled\loader-runner\LoaderRunner.js
<w>  at file dependencies C:\Users\IYANUOLUWA\Documents\React\eventchimp-v2\node_modules\.pnpm\next@14.2.35_react-dom@18.3.1_react@18.3.1__react@18.3.1\node_modules\next\dist\compiled\webpack\bundle5.js
<w>  at file C:\Users\IYANUOLUWA\Documents\React\eventchimp-v2\node_modules\.pnpm\next@14.2.35_react-dom@18.3.1_react@18.3.1__react@18.3.1\node_modules\next\dist\compiled\webpack\bundle5.js
<w>  at file dependencies C:\Users\IYANUOLUWA\Documents\React\eventchimp-v2\node_modules\.pnpm\next@14.2.35_react-dom@18.3.1_react@18.3.1__react@18.3.1\node_modules\next\dist\compiled\webpack\webpack.js
<w>  at file C:\Users\IYANUOLUWA\Documents\React\eventchimp-v2\node_modules\.pnpm\next@14.2.35_react-dom@18.3.1_react@18.3.1__react@18.3.1\node_modules\next\dist\compiled\webpack\webpack.js
<w>  at file dependencies C:\Users\IYANUOLUWA\Documents\React\eventchimp-v2\node_modules\.pnpm\next@14.2.35_react-dom@18.3.1_react@18.3.1__react@18.3.1\node_modules\next\dist\build\webpack\plugins\define-env-plugin.js
<w>  at file C:\Users\IYANUOLUWA\Documents\React\eventchimp-v2\node_modules\.pnpm\next@14.2.35_react-dom@18.3.1_react@18.3.1__react@18.3.1\node_modules\next\dist\build\webpack\plugins\define-env-plugin.js
<w>  at file dependencies C:\Users\IYANUOLUWA\Documents\React\eventchimp-v2\node_modules\.pnpm\next@14.2.35_react-dom@18.3.1_react@18.3.1__react@18.3.1\node_modules\next\dist\build\swc\index.js
<w>  at file C:\Users\IYANUOLUWA\Documents\React\eventchimp-v2\node_modules\.pnpm\next@14.2.35_react-dom@18.3.1_react@18.3.1__react@18.3.1\node_modules\next\dist\build\swc\index.js
<w>  at file dependencies C:\Users\IYANUOLUWA\Documents\React\eventchimp-v2\node_modules\.pnpm\next@14.2.35_react-dom@18.3.1_react@18.3.1__react@18.3.1\node_modules\next\dist\build\webpack\loaders\next-barrel-loader.js
<w>  at file C:\Users\IYANUOLUWA\Documents\React\eventchimp-v2\node_modules\.pnpm\next@14.2.35_react-dom@18.3.1_react@18.3.1__react@18.3.1\node_modules\next\dist\build\webpack\loaders\next-barrel-loader.js
<w>  at resolve commonjs C:\Users\IYANUOLUWA\Documents\React\eventchimp-v2\node_modules\.pnpm\next@14.2.35_react-dom@18.3.1_react@18.3.1__react@18.3.1\node_modules\next\dist\build\webpack\loaders\next-barrel-loader.js
<w> [webpack.cache.PackFileCacheStrategy/webpack.FileSystemInfo] Resolving '.pnpm/next@14.2.35_react-dom@18.3.1_react@18.3.1__react@18.3.1/node_modules/next/dist/client/components/request-async-storage.external' in C:\Users\IYANUOLUWA\Documents\React\eventchimp-v2\frontend\.next\server\app for build dependencies doesn't lead to expected result 'C:\Users\IYANUOLUWA\Documents\React\eventchimp-v2\node_modules\.pnpm\next@14.2.35_react-dom@18.3.1_react@18.3.1__react@18.3.1\node_modules\next\dist\client\components\request-async-storage.external.js', but to 'C:\Users\IYANUOLUWA\Documents\React\eventchimp-v2\frontend\node_modules\.pnpm\next@14.2.35_react-dom@18.3.1_react@18.3.1__react@18.3.1\node_modules\next\dist\client\components\request-async-storage.external.js' instead. Resolving dependencies are ignored for this path.
<w>  at unknown 4 .pnpm/next@14.2.35_react-dom@18.3.1_react@18.3.1__react@18.3.1/node_modules/next/dist/client/components/request-async-storage.external
<w>  at file dependencies C:\Users\IYANUOLUWA\Documents\React\eventchimp-v2\frontend\.next\server\app\page.js
<w>  at file C:\Users\IYANUOLUWA\Documents\React\eventchimp-v2\frontend\.next\server\app\page.js
<w>  at file dependencies C:\Users\IYANUOLUWA\Documents\React\eventchimp-v2\node_modules\.pnpm\next@14.2.35_react-dom@18.3.1_react@18.3.1__react@18.3.1\node_modules\next\dist\server\require.js
<w>  at file C:\Users\IYANUOLUWA\Documents\React\eventchimp-v2\node_modules\.pnpm\next@14.2.35_react-dom@18.3.1_react@18.3.1__react@18.3.1\node_modules\next\dist\server\require.js
<w>  at file dependencies C:\Users\IYANUOLUWA\Documents\React\eventchimp-v2\node_modules\.pnpm\next@14.2.35_react-dom@18.3.1_react@18.3.1__react@18.3.1\node_modules\next\dist\server\load-components.js
<w>  at file C:\Users\IYANUOLUWA\Documents\React\eventchimp-v2\node_modules\.pnpm\next@14.2.35_react-dom@18.3.1_react@18.3.1__react@18.3.1\node_modules\next\dist\server\load-components.js
<w>  at file dependencies C:\Users\IYANUOLUWA\Documents\React\eventchimp-v2\node_modules\.pnpm\next@14.2.35_react-dom@18.3.1_react@18.3.1__react@18.3.1\node_modules\next\dist\build\utils.js
<w>  at file C:\Users\IYANUOLUWA\Documents\React\eventchimp-v2\node_modules\.pnpm\next@14.2.35_react-dom@18.3.1_react@18.3.1__react@18.3.1\node_modules\next\dist\build\utils.js
<w>  at file dependencies C:\Users\IYANUOLUWA\Documents\React\eventchimp-v2\node_modules\.pnpm\next@14.2.35_react-dom@18.3.1_react@18.3.1__react@18.3.1\node_modules\next\dist\build\webpack\loaders\next-app-loader.js
<w>  at file C:\Users\IYANUOLUWA\Documents\React\eventchimp-v2\node_modules\.pnpm\next@14.2.35_react-dom@18.3.1_react@18.3.1__react@18.3.1\node_modules\next\dist\build\webpack\loaders\next-app-loader.js
<w>  at file dependencies C:\Users\IYANUOLUWA\Documents\React\eventchimp-v2\node_modules\.pnpm\next@14.2.35_react-dom@18.3.1_react@18.3.1__react@18.3.1\node_modules\next\dist\compiled\loader-runner\LoaderRunner.js
<w>  at file C:\Users\IYANUOLUWA\Documents\React\eventchimp-v2\node_modules\.pnpm\next@14.2.35_react-dom@18.3.1_react@18.3.1__react@18.3.1\node_modules\next\dist\compiled\loader-runner\LoaderRunner.js
<w>  at file dependencies C:\Users\IYANUOLUWA\Documents\React\eventchimp-v2\node_modules\.pnpm\next@14.2.35_react-dom@18.3.1_react@18.3.1__react@18.3.1\node_modules\next\dist\compiled\webpack\bundle5.js
<w>  at file C:\Users\IYANUOLUWA\Documents\React\eventchimp-v2\node_modules\.pnpm\next@14.2.35_react-dom@18.3.1_react@18.3.1__react@18.3.1\node_modules\next\dist\compiled\webpack\bundle5.js
<w>  at file dependencies C:\Users\IYANUOLUWA\Documents\React\eventchimp-v2\node_modules\.pnpm\next@14.2.35_react-dom@18.3.1_react@18.3.1__react@18.3.1\node_modules\next\dist\compiled\webpack\webpack.js
<w>  at file C:\Users\IYANUOLUWA\Documents\React\eventchimp-v2\node_modules\.pnpm\next@14.2.35_react-dom@18.3.1_react@18.3.1__react@18.3.1\node_modules\next\dist\compiled\webpack\webpack.js
<w>  at file dependencies C:\Users\IYANUOLUWA\Documents\React\eventchimp-v2\node_modules\.pnpm\next@14.2.35_react-dom@18.3.1_react@18.3.1__react@18.3.1\node_modules\next\dist\build\webpack\plugins\define-env-plugin.js
<w>  at file C:\Users\IYANUOLUWA\Documents\React\eventchimp-v2\node_modules\.pnpm\next@14.2.35_react-dom@18.3.1_react@18.3.1__react@18.3.1\node_modules\next\dist\build\webpack\plugins\define-env-plugin.js
<w>  at file dependencies C:\Users\IYANUOLUWA\Documents\React\eventchimp-v2\node_modules\.pnpm\next@14.2.35_react-dom@18.3.1_react@18.3.1__react@18.3.1\node_modules\next\dist\build\swc\index.js
<w>  at file C:\Users\IYANUOLUWA\Documents\React\eventchimp-v2\node_modules\.pnpm\next@14.2.35_react-dom@18.3.1_react@18.3.1__react@18.3.1\node_modules\next\dist\build\swc\index.js
<w>  at file dependencies C:\Users\IYANUOLUWA\Documents\React\eventchimp-v2\node_modules\.pnpm\next@14.2.35_react-dom@18.3.1_react@18.3.1__react@18.3.1\node_modules\next\dist\build\webpack\loaders\next-barrel-loader.js
<w>  at file C:\Users\IYANUOLUWA\Documents\React\eventchimp-v2\node_modules\.pnpm\next@14.2.35_react-dom@18.3.1_react@18.3.1__react@18.3.1\node_modules\next\dist\build\webpack\loaders\next-barrel-loader.js
<w>  at resolve commonjs C:\Users\IYANUOLUWA\Documents\React\eventchimp-v2\node_modules\.pnpm\next@14.2.35_react-dom@18.3.1_react@18.3.1__react@18.3.1\node_modules\next\dist\build\webpack\loaders\next-barrel-loader.js
<w> [webpack.cache.PackFileCacheStrategy/webpack.FileSystemInfo] Resolving '.pnpm/next@14.2.35_react-dom@18.3.1_react@18.3.1__react@18.3.1/node_modules/next/dist/client/components/static-generation-async-storage.external' in C:\Users\IYANUOLUWA\Documents\React\eventchimp-v2\frontend\.next\server\app for build dependencies doesn't lead to expected result 'C:\Users\IYANUOLUWA\Documents\React\eventchimp-v2\node_modules\.pnpm\next@14.2.35_react-dom@18.3.1_react@18.3.1__react@18.3.1\node_modules\next\dist\client\components\static-generation-async-storage.external.js', but to 'C:\Users\IYANUOLUWA\Documents\React\eventchimp-v2\frontend\node_modules\.pnpm\next@14.2.35_react-dom@18.3.1_react@18.3.1__react@18.3.1\node_modules\next\dist\client\components\static-generation-async-storage.external.js' instead. Resolving dependencies are ignored for this path.
<w>  at unknown 4 .pnpm/next@14.2.35_react-dom@18.3.1_react@18.3.1__react@18.3.1/node_modules/next/dist/client/components/static-generation-async-storage.external
<w>  at file dependencies C:\Users\IYANUOLUWA\Documents\React\eventchimp-v2\frontend\.next\server\app\page.js
<w>  at file C:\Users\IYANUOLUWA\Documents\React\eventchimp-v2\frontend\.next\server\app\page.js
<w>  at file dependencies C:\Users\IYANUOLUWA\Documents\React\eventchimp-v2\node_modules\.pnpm\next@14.2.35_react-dom@18.3.1_react@18.3.1__react@18.3.1\node_modules\next\dist\server\require.js
<w>  at file C:\Users\IYANUOLUWA\Documents\React\eventchimp-v2\node_modules\.pnpm\next@14.2.35_react-dom@18.3.1_react@18.3.1__react@18.3.1\node_modules\next\dist\server\require.js
<w>  at file dependencies C:\Users\IYANUOLUWA\Documents\React\eventchimp-v2\node_modules\.pnpm\next@14.2.35_react-dom@18.3.1_react@18.3.1__react@18.3.1\node_modules\next\dist\server\load-components.js
<w>  at file C:\Users\IYANUOLUWA\Documents\React\eventchimp-v2\node_modules\.pnpm\next@14.2.35_react-dom@18.3.1_react@18.3.1__react@18.3.1\node_modules\next\dist\server\load-components.js
<w>  at file dependencies C:\Users\IYANUOLUWA\Documents\React\eventchimp-v2\node_modules\.pnpm\next@14.2.35_react-dom@18.3.1_react@18.3.1__react@18.3.1\node_modules\next\dist\build\utils.js
<w>  at file C:\Users\IYANUOLUWA\Documents\React\eventchimp-v2\node_modules\.pnpm\next@14.2.35_react-dom@18.3.1_react@18.3.1__react@18.3.1\node_modules\next\dist\build\utils.js
<w>  at file dependencies C:\Users\IYANUOLUWA\Documents\React\eventchimp-v2\node_modules\.pnpm\next@14.2.35_react-dom@18.3.1_react@18.3.1__react@18.3.1\node_modules\next\dist\build\webpack\loaders\next-app-loader.js
<w>  at file C:\Users\IYANUOLUWA\Documents\React\eventchimp-v2\node_modules\.pnpm\next@14.2.35_react-dom@18.3.1_react@18.3.1__react@18.3.1\node_modules\next\dist\build\webpack\loaders\next-app-loader.js
<w>  at file dependencies C:\Users\IYANUOLUWA\Documents\React\eventchimp-v2\node_modules\.pnpm\next@14.2.35_react-dom@18.3.1_react@18.3.1__react@18.3.1\node_modules\next\dist\compiled\loader-runner\LoaderRunner.js
<w>  at file C:\Users\IYANUOLUWA\Documents\React\eventchimp-v2\node_modules\.pnpm\next@14.2.35_react-dom@18.3.1_react@18.3.1__react@18.3.1\node_modules\next\dist\compiled\loader-runner\LoaderRunner.js
<w>  at file dependencies C:\Users\IYANUOLUWA\Documents\React\eventchimp-v2\node_modules\.pnpm\next@14.2.35_react-dom@18.3.1_react@18.3.1__react@18.3.1\node_modules\next\dist\compiled\webpack\bundle5.js
<w>  at file C:\Users\IYANUOLUWA\Documents\React\eventchimp-v2\node_modules\.pnpm\next@14.2.35_react-dom@18.3.1_react@18.3.1__react@18.3.1\node_modules\next\dist\compiled\webpack\bundle5.js
<w>  at file dependencies C:\Users\IYANUOLUWA\Documents\React\eventchimp-v2\node_modules\.pnpm\next@14.2.35_react-dom@18.3.1_react@18.3.1__react@18.3.1\node_modules\next\dist\compiled\webpack\webpack.js
<w>  at file C:\Users\IYANUOLUWA\Documents\React\eventchimp-v2\node_modules\.pnpm\next@14.2.35_react-dom@18.3.1_react@18.3.1__react@18.3.1\node_modules\next\dist\compiled\webpack\webpack.js
<w>  at file dependencies C:\Users\IYANUOLUWA\Documents\React\eventchimp-v2\node_modules\.pnpm\next@14.2.35_react-dom@18.3.1_react@18.3.1__react@18.3.1\node_modules\next\dist\build\webpack\plugins\define-env-plugin.js
<w>  at file C:\Users\IYANUOLUWA\Documents\React\eventchimp-v2\node_modules\.pnpm\next@14.2.35_react-dom@18.3.1_react@18.3.1__react@18.3.1\node_modules\next\dist\build\webpack\plugins\define-env-plugin.js
<w>  at file dependencies C:\Users\IYANUOLUWA\Documents\React\eventchimp-v2\node_modules\.pnpm\next@14.2.35_react-dom@18.3.1_react@18.3.1__react@18.3.1\node_modules\next\dist\build\swc\index.js
<w>  at file C:\Users\IYANUOLUWA\Documents\React\eventchimp-v2\node_modules\.pnpm\next@14.2.35_react-dom@18.3.1_react@18.3.1__react@18.3.1\node_modules\next\dist\build\swc\index.js
<w>  at file dependencies C:\Users\IYANUOLUWA\Documents\React\eventchimp-v2\node_modules\.pnpm\next@14.2.35_react-dom@18.3.1_react@18.3.1__react@18.3.1\node_modules\next\dist\build\webpack\loaders\next-barrel-loader.js
<w>  at file C:\Users\IYANUOLUWA\Documents\React\eventchimp-v2\node_modules\.pnpm\next@14.2.35_react-dom@18.3.1_react@18.3.1__react@18.3.1\node_modules\next\dist\build\webpack\loaders\next-barrel-loader.js
<w>  at resolve commonjs C:\Users\IYANUOLUWA\Documents\React\eventchimp-v2\node_modules\.pnpm\next@14.2.35_react-dom@18.3.1_react@18.3.1__react@18.3.1\node_modules\next\dist\build\webpack\loaders\next-barrel-loader.js
<w> [webpack.cache.PackFileCacheStrategy/webpack.FileSystemInfo] Resolving '.pnpm/next@14.2.35_react-dom@18.3.1_react@18.3.1__react@18.3.1/node_modules/next/dist/compiled/next-server/app-page.runtime.dev' in C:\Users\IYANUOLUWA\Documents\React\eventchimp-v2\frontend\.next\server\app for build dependencies doesn't lead to expected result 'C:\Users\IYANUOLUWA\Documents\React\eventchimp-v2\node_modules\.pnpm\next@14.2.35_react-dom@18.3.1_react@18.3.1__react@18.3.1\node_modules\next\dist\compiled\next-server\app-page.runtime.dev.js', but to 'C:\Users\IYANUOLUWA\Documents\React\eventchimp-v2\frontend\node_modules\.pnpm\next@14.2.35_react-dom@18.3.1_react@18.3.1__react@18.3.1\node_modules\next\dist\compiled\next-server\app-page.runtime.dev.js' instead. Resolving dependencies are ignored for this path.
<w>  at unknown 4 .pnpm/next@14.2.35_react-dom@18.3.1_react@18.3.1__react@18.3.1/node_modules/next/dist/compiled/next-server/app-page.runtime.dev
<w>  at file dependencies C:\Users\IYANUOLUWA\Documents\React\eventchimp-v2\frontend\.next\server\app\page.js
<w>  at file C:\Users\IYANUOLUWA\Documents\React\eventchimp-v2\frontend\.next\server\app\page.js
<w>  at file dependencies C:\Users\IYANUOLUWA\Documents\React\eventchimp-v2\node_modules\.pnpm\next@14.2.35_react-dom@18.3.1_react@18.3.1__react@18.3.1\node_modules\next\dist\server\require.js
<w>  at file C:\Users\IYANUOLUWA\Documents\React\eventchimp-v2\node_modules\.pnpm\next@14.2.35_react-dom@18.3.1_react@18.3.1__react@18.3.1\node_modules\next\dist\server\require.js
<w>  at file dependencies C:\Users\IYANUOLUWA\Documents\React\eventchimp-v2\node_modules\.pnpm\next@14.2.35_react-dom@18.3.1_react@18.3.1__react@18.3.1\node_modules\next\dist\server\load-components.js
<w>  at file C:\Users\IYANUOLUWA\Documents\React\eventchimp-v2\node_modules\.pnpm\next@14.2.35_react-dom@18.3.1_react@18.3.1__react@18.3.1\node_modules\next\dist\server\load-components.js
<w>  at file dependencies C:\Users\IYANUOLUWA\Documents\React\eventchimp-v2\node_modules\.pnpm\next@14.2.35_react-dom@18.3.1_react@18.3.1__react@18.3.1\node_modules\next\dist\build\utils.js
<w>  at file C:\Users\IYANUOLUWA\Documents\React\eventchimp-v2\node_modules\.pnpm\next@14.2.35_react-dom@18.3.1_react@18.3.1__react@18.3.1\node_modules\next\dist\build\utils.js
<w>  at file dependencies C:\Users\IYANUOLUWA\Documents\React\eventchimp-v2\node_modules\.pnpm\next@14.2.35_react-dom@18.3.1_react@18.3.1__react@18.3.1\node_modules\next\dist\build\webpack\loaders\next-app-loader.js
<w>  at file C:\Users\IYANUOLUWA\Documents\React\eventchimp-v2\node_modules\.pnpm\next@14.2.35_react-dom@18.3.1_react@18.3.1__react@18.3.1\node_modules\next\dist\build\webpack\loaders\next-app-loader.js
<w>  at file dependencies C:\Users\IYANUOLUWA\Documents\React\eventchimp-v2\node_modules\.pnpm\next@14.2.35_react-dom@18.3.1_react@18.3.1__react@18.3.1\node_modules\next\dist\compiled\loader-runner\LoaderRunner.js
<w>  at file C:\Users\IYANUOLUWA\Documents\React\eventchimp-v2\node_modules\.pnpm\next@14.2.35_react-dom@18.3.1_react@18.3.1__react@18.3.1\node_modules\next\dist\compiled\loader-runner\LoaderRunner.js
<w>  at file dependencies C:\Users\IYANUOLUWA\Documents\React\eventchimp-v2\node_modules\.pnpm\next@14.2.35_react-dom@18.3.1_react@18.3.1__react@18.3.1\node_modules\next\dist\compiled\webpack\bundle5.js
<w>  at file C:\Users\IYANUOLUWA\Documents\React\eventchimp-v2\node_modules\.pnpm\next@14.2.35_react-dom@18.3.1_react@18.3.1__react@18.3.1\node_modules\next\dist\compiled\webpack\bundle5.js
<w>  at file dependencies C:\Users\IYANUOLUWA\Documents\React\eventchimp-v2\node_modules\.pnpm\next@14.2.35_react-dom@18.3.1_react@18.3.1__react@18.3.1\node_modules\next\dist\compiled\webpack\webpack.js
<w>  at file C:\Users\IYANUOLUWA\Documents\React\eventchimp-v2\node_modules\.pnpm\next@14.2.35_react-dom@18.3.1_react@18.3.1__react@18.3.1\node_modules\next\dist\compiled\webpack\webpack.js
<w>  at file dependencies C:\Users\IYANUOLUWA\Documents\React\eventchimp-v2\node_modules\.pnpm\next@14.2.35_react-dom@18.3.1_react@18.3.1__react@18.3.1\node_modules\next\dist\build\webpack\plugins\define-env-plugin.js
<w>  at file C:\Users\IYANUOLUWA\Documents\React\eventchimp-v2\node_modules\.pnpm\next@14.2.35_react-dom@18.3.1_react@18.3.1__react@18.3.1\node_modules\next\dist\build\webpack\plugins\define-env-plugin.js
<w>  at file dependencies C:\Users\IYANUOLUWA\Documents\React\eventchimp-v2\node_modules\.pnpm\next@14.2.35_react-dom@18.3.1_react@18.3.1__react@18.3.1\node_modules\next\dist\build\swc\index.js
<w>  at file C:\Users\IYANUOLUWA\Documents\React\eventchimp-v2\node_modules\.pnpm\next@14.2.35_react-dom@18.3.1_react@18.3.1__react@18.3.1\node_modules\next\dist\build\swc\index.js
<w>  at file dependencies C:\Users\IYANUOLUWA\Documents\React\eventchimp-v2\node_modules\.pnpm\next@14.2.35_react-dom@18.3.1_react@18.3.1__react@18.3.1\node_modules\next\dist\build\webpack\loaders\next-barrel-loader.js
<w>  at file C:\Users\IYANUOLUWA\Documents\React\eventchimp-v2\node_modules\.pnpm\next@14.2.35_react-dom@18.3.1_react@18.3.1__react@18.3.1\node_modules\next\dist\build\webpack\loaders\next-barrel-loader.js
<w>  at resolve commonjs C:\Users\IYANUOLUWA\Documents\React\eventchimp-v2\node_modules\.pnpm\next@14.2.35_react-dom@18.3.1_react@18.3.1__react@18.3.1\node_modules\next\dist\build\webpack\loaders\next-barrel-loader.js
<w> [webpack.cache.PackFileCacheStrategy/webpack.FileSystemInfo] Resolving '.pnpm/next@14.2.35_react-dom@18.3.1_react@18.3.1__react@18.3.1/node_modules/next/dist/client/components/action-async-storage.external' in C:\Users\IYANUOLUWA\Documents\React\eventchimp-v2\frontend\.next\server\app for build dependencies doesn't lead to expected result 'C:\Users\IYANUOLUWA\Documents\React\eventchimp-v2\node_modules\.pnpm\next@14.2.35_react-dom@18.3.1_react@18.3.1__react@18.3.1\node_modules\next\dist\client\components\action-async-storage.external.js', but to 'C:\Users\IYANUOLUWA\Documents\React\eventchimp-v2\frontend\node_modules\.pnpm\next@14.2.35_react-dom@18.3.1_react@18.3.1__react@18.3.1\node_modules\next\dist\client\components\action-async-storage.external.js' instead. Resolving dependencies are ignored for this path.
<w>  at unknown 4 .pnpm/next@14.2.35_react-dom@18.3.1_react@18.3.1__react@18.3.1/node_modules/next/dist/client/components/action-async-storage.external
<w>  at file dependencies C:\Users\IYANUOLUWA\Documents\React\eventchimp-v2\frontend\.next\server\app\page.js
<w>  at file C:\Users\IYANUOLUWA\Documents\React\eventchimp-v2\frontend\.next\server\app\page.js
<w>  at file dependencies C:\Users\IYANUOLUWA\Documents\React\eventchimp-v2\node_modules\.pnpm\next@14.2.35_react-dom@18.3.1_react@18.3.1__react@18.3.1\node_modules\next\dist\server\require.js
<w>  at file C:\Users\IYANUOLUWA\Documents\React\eventchimp-v2\node_modules\.pnpm\next@14.2.35_react-dom@18.3.1_react@18.3.1__react@18.3.1\node_modules\next\dist\server\require.js
<w>  at file dependencies C:\Users\IYANUOLUWA\Documents\React\eventchimp-v2\node_modules\.pnpm\next@14.2.35_react-dom@18.3.1_react@18.3.1__react@18.3.1\node_modules\next\dist\server\load-components.js
<w>  at file C:\Users\IYANUOLUWA\Documents\React\eventchimp-v2\node_modules\.pnpm\next@14.2.35_react-dom@18.3.1_react@18.3.1__react@18.3.1\node_modules\next\dist\server\load-components.js
<w>  at file dependencies C:\Users\IYANUOLUWA\Documents\React\eventchimp-v2\node_modules\.pnpm\next@14.2.35_react-dom@18.3.1_react@18.3.1__react@18.3.1\node_modules\next\dist\build\utils.js
<w>  at file C:\Users\IYANUOLUWA\Documents\React\eventchimp-v2\node_modules\.pnpm\next@14.2.35_react-dom@18.3.1_react@18.3.1__react@18.3.1\node_modules\next\dist\build\utils.js
<w>  at file dependencies C:\Users\IYANUOLUWA\Documents\React\eventchimp-v2\node_modules\.pnpm\next@14.2.35_react-dom@18.3.1_react@18.3.1__react@18.3.1\node_modules\next\dist\build\webpack\loaders\next-app-loader.js
<w>  at file C:\Users\IYANUOLUWA\Documents\React\eventchimp-v2\node_modules\.pnpm\next@14.2.35_react-dom@18.3.1_react@18.3.1__react@18.3.1\node_modules\next\dist\build\webpack\loaders\next-app-loader.js
<w>  at resolve commonjs C:\Users\IYANUOLUWA\Documents\React\eventchimp-v2\node_modules\.pnpm\next@14.2.35_react-dom@18.3.1_react@18.3.1__react@18.3.1\node_modules\next\dist\build\webpack\loaders\next-app-loader.js
<w> [webpack.cache.PackFileCacheStrategy/webpack.FileSystemInfo] Resolving '.pnpm/next@14.2.35_react-dom@18.3.1_react@18.3.1__react@18.3.1/node_modules/next/dist/client/components/request-async-storage.external' in C:\Users\IYANUOLUWA\Documents\React\eventchimp-v2\frontend\.next\server\app for build dependencies doesn't lead to expected result 'C:\Users\IYANUOLUWA\Documents\React\eventchimp-v2\node_modules\.pnpm\next@14.2.35_react-dom@18.3.1_react@18.3.1__react@18.3.1\node_modules\next\dist\client\components\request-async-storage.external.js', but to 'C:\Users\IYANUOLUWA\Documents\React\eventchimp-v2\frontend\node_modules\.pnpm\next@14.2.35_react-dom@18.3.1_react@18.3.1__react@18.3.1\node_modules\next\dist\client\components\request-async-storage.external.js' instead. Resolving dependencies are ignored for this path.
<w>  at unknown 4 .pnpm/next@14.2.35_react-dom@18.3.1_react@18.3.1__react@18.3.1/node_modules/next/dist/client/components/request-async-storage.external
<w>  at file dependencies C:\Users\IYANUOLUWA\Documents\React\eventchimp-v2\frontend\.next\server\app\page.js
<w>  at file C:\Users\IYANUOLUWA\Documents\React\eventchimp-v2\frontend\.next\server\app\page.js
<w>  at file dependencies C:\Users\IYANUOLUWA\Documents\React\eventchimp-v2\node_modules\.pnpm\next@14.2.35_react-dom@18.3.1_react@18.3.1__react@18.3.1\node_modules\next\dist\server\require.js
<w>  at file C:\Users\IYANUOLUWA\Documents\React\eventchimp-v2\node_modules\.pnpm\next@14.2.35_react-dom@18.3.1_react@18.3.1__react@18.3.1\node_modules\next\dist\server\require.js
<w>  at file dependencies C:\Users\IYANUOLUWA\Documents\React\eventchimp-v2\node_modules\.pnpm\next@14.2.35_react-dom@18.3.1_react@18.3.1__react@18.3.1\node_modules\next\dist\server\load-components.js
<w>  at file C:\Users\IYANUOLUWA\Documents\React\eventchimp-v2\node_modules\.pnpm\next@14.2.35_react-dom@18.3.1_react@18.3.1__react@18.3.1\node_modules\next\dist\server\load-components.js
<w>  at file dependencies C:\Users\IYANUOLUWA\Documents\React\eventchimp-v2\node_modules\.pnpm\next@14.2.35_react-dom@18.3.1_react@18.3.1__react@18.3.1\node_modules\next\dist\build\utils.js
<w>  at file C:\Users\IYANUOLUWA\Documents\React\eventchimp-v2\node_modules\.pnpm\next@14.2.35_react-dom@18.3.1_react@18.3.1__react@18.3.1\node_modules\next\dist\build\utils.js
<w>  at file dependencies C:\Users\IYANUOLUWA\Documents\React\eventchimp-v2\node_modules\.pnpm\next@14.2.35_react-dom@18.3.1_react@18.3.1__react@18.3.1\node_modules\next\dist\build\webpack\loaders\next-app-loader.js
<w>  at file C:\Users\IYANUOLUWA\Documents\React\eventchimp-v2\node_modules\.pnpm\next@14.2.35_react-dom@18.3.1_react@18.3.1__react@18.3.1\node_modules\next\dist\build\webpack\loaders\next-app-loader.js
<w>  at resolve commonjs C:\Users\IYANUOLUWA\Documents\React\eventchimp-v2\node_modules\.pnpm\next@14.2.35_react-dom@18.3.1_react@18.3.1__react@18.3.1\node_modules\next\dist\build\webpack\loaders\next-app-loader.js
<w> [webpack.cache.PackFileCacheStrategy/webpack.FileSystemInfo] Resolving '.pnpm/next@14.2.35_react-dom@18.3.1_react@18.3.1__react@18.3.1/node_modules/next/dist/client/components/static-generation-async-storage.external' in C:\Users\IYANUOLUWA\Documents\React\eventchimp-v2\frontend\.next\server\app for build dependencies doesn't lead to expected result 'C:\Users\IYANUOLUWA\Documents\React\eventchimp-v2\node_modules\.pnpm\next@14.2.35_react-dom@18.3.1_react@18.3.1__react@18.3.1\node_modules\next\dist\client\components\static-generation-async-storage.external.js', but to 'C:\Users\IYANUOLUWA\Documents\React\eventchimp-v2\frontend\node_modules\.pnpm\next@14.2.35_react-dom@18.3.1_react@18.3.1__react@18.3.1\node_modules\next\dist\client\components\static-generation-async-storage.external.js' instead. Resolving dependencies are ignored for this path.
<w>  at unknown 4 .pnpm/next@14.2.35_react-dom@18.3.1_react@18.3.1__react@18.3.1/node_modules/next/dist/client/components/static-generation-async-storage.external
<w>  at file dependencies C:\Users\IYANUOLUWA\Documents\React\eventchimp-v2\frontend\.next\server\app\page.js
<w>  at file C:\Users\IYANUOLUWA\Documents\React\eventchimp-v2\frontend\.next\server\app\page.js
<w>  at file dependencies C:\Users\IYANUOLUWA\Documents\React\eventchimp-v2\node_modules\.pnpm\next@14.2.35_react-dom@18.3.1_react@18.3.1__react@18.3.1\node_modules\next\dist\server\require.js
<w>  at file C:\Users\IYANUOLUWA\Documents\React\eventchimp-v2\node_modules\.pnpm\next@14.2.35_react-dom@18.3.1_react@18.3.1__react@18.3.1\node_modules\next\dist\server\require.js
<w>  at file dependencies C:\Users\IYANUOLUWA\Documents\React\eventchimp-v2\node_modules\.pnpm\next@14.2.35_react-dom@18.3.1_react@18.3.1__react@18.3.1\node_modules\next\dist\server\load-components.js
<w>  at file C:\Users\IYANUOLUWA\Documents\React\eventchimp-v2\node_modules\.pnpm\next@14.2.35_react-dom@18.3.1_react@18.3.1__react@18.3.1\node_modules\next\dist\server\load-components.js
<w>  at file dependencies C:\Users\IYANUOLUWA\Documents\React\eventchimp-v2\node_modules\.pnpm\next@14.2.35_react-dom@18.3.1_react@18.3.1__react@18.3.1\node_modules\next\dist\build\utils.js
<w>  at file C:\Users\IYANUOLUWA\Documents\React\eventchimp-v2\node_modules\.pnpm\next@14.2.35_react-dom@18.3.1_react@18.3.1__react@18.3.1\node_modules\next\dist\build\utils.js
<w>  at file dependencies C:\Users\IYANUOLUWA\Documents\React\eventchimp-v2\node_modules\.pnpm\next@14.2.35_react-dom@18.3.1_react@18.3.1__react@18.3.1\node_modules\next\dist\build\webpack\loaders\next-app-loader.js
<w>  at file C:\Users\IYANUOLUWA\Documents\React\eventchimp-v2\node_modules\.pnpm\next@14.2.35_react-dom@18.3.1_react@18.3.1__react@18.3.1\node_modules\next\dist\build\webpack\loaders\next-app-loader.js
<w>  at resolve commonjs C:\Users\IYANUOLUWA\Documents\React\eventchimp-v2\node_modules\.pnpm\next@14.2.35_react-dom@18.3.1_react@18.3.1__react@18.3.1\node_modules\next\dist\build\webpack\loaders\next-app-loader.js
<w> [webpack.cache.PackFileCacheStrategy/webpack.FileSystemInfo] Resolving '.pnpm/next@14.2.35_react-dom@18.3.1_react@18.3.1__react@18.3.1/node_modules/next/dist/compiled/next-server/app-page.runtime.dev' in C:\Users\IYANUOLUWA\Documents\React\eventchimp-v2\frontend\.next\server\app for build dependencies doesn't lead to expected result 'C:\Users\IYANUOLUWA\Documents\React\eventchimp-v2\node_modules\.pnpm\next@14.2.35_react-dom@18.3.1_react@18.3.1__react@18.3.1\node_modules\next\dist\compiled\next-server\app-page.runtime.dev.js', but to 'C:\Users\IYANUOLUWA\Documents\React\eventchimp-v2\frontend\node_modules\.pnpm\next@14.2.35_react-dom@18.3.1_react@18.3.1__react@18.3.1\node_modules\next\dist\compiled\next-server\app-page.runtime.dev.js' instead. Resolving dependencies are ignored for this path.
<w>  at unknown 4 .pnpm/next@14.2.35_react-dom@18.3.1_react@18.3.1__react@18.3.1/node_modules/next/dist/compiled/next-server/app-page.runtime.dev
<w>  at file dependencies C:\Users\IYANUOLUWA\Documents\React\eventchimp-v2\frontend\.next\server\app\page.js
<w>  at file C:\Users\IYANUOLUWA\Documents\React\eventchimp-v2\frontend\.next\server\app\page.js
<w>  at file dependencies C:\Users\IYANUOLUWA\Documents\React\eventchimp-v2\node_modules\.pnpm\next@14.2.35_react-dom@18.3.1_react@18.3.1__react@18.3.1\node_modules\next\dist\server\require.js
<w>  at file C:\Users\IYANUOLUWA\Documents\React\eventchimp-v2\node_modules\.pnpm\next@14.2.35_react-dom@18.3.1_react@18.3.1__react@18.3.1\node_modules\next\dist\server\require.js
<w>  at file dependencies C:\Users\IYANUOLUWA\Documents\React\eventchimp-v2\node_modules\.pnpm\next@14.2.35_react-dom@18.3.1_react@18.3.1__react@18.3.1\node_modules\next\dist\server\load-components.js
<w>  at file C:\Users\IYANUOLUWA\Documents\React\eventchimp-v2\node_modules\.pnpm\next@14.2.35_react-dom@18.3.1_react@18.3.1__react@18.3.1\node_modules\next\dist\server\load-components.js
<w>  at file dependencies C:\Users\IYANUOLUWA\Documents\React\eventchimp-v2\node_modules\.pnpm\next@14.2.35_react-dom@18.3.1_react@18.3.1__react@18.3.1\node_modules\next\dist\build\utils.js
<w>  at file C:\Users\IYANUOLUWA\Documents\React\eventchimp-v2\node_modules\.pnpm\next@14.2.35_react-dom@18.3.1_react@18.3.1__react@18.3.1\node_modules\next\dist\build\utils.js
<w>  at file dependencies C:\Users\IYANUOLUWA\Documents\React\eventchimp-v2\node_modules\.pnpm\next@14.2.35_react-dom@18.3.1_react@18.3.1__react@18.3.1\node_modules\next\dist\build\webpack\loaders\next-app-loader.js
<w>  at file C:\Users\IYANUOLUWA\Documents\React\eventchimp-v2\node_modules\.pnpm\next@14.2.35_react-dom@18.3.1_react@18.3.1__react@18.3.1\node_modules\next\dist\build\webpack\loaders\next-app-loader.js
<w>  at resolve commonjs C:\Users\IYANUOLUWA\Documents\React\eventchimp-v2\node_modules\.pnpm\next@14.2.35_react-dom@18.3.1_react@18.3.1__react@18.3.1\node_modules\next\dist\build\webpack\loaders\next-app-loader.js
 ⨯ Error: Cannot find module './510.js'
Require stack:
- C:\Users\IYANUOLUWA\Documents\React\eventchimp-v2\frontend\.next\server\webpack-runtime.js
- C:\Users\IYANUOLUWA\Documents\React\eventchimp-v2\frontend\.next\server\app\dashboard\events\new\page.js
- C:\Users\IYANUOLUWA\Documents\React\eventchimp-v2\node_modules\.pnpm\next@14.2.35_react-dom@18.3.1_react@18.3.1__react@18.3.1\node_modules\next\dist\server\require.js
- C:\Users\IYANUOLUWA\Documents\React\eventchimp-v2\node_modules\.pnpm\next@14.2.35_react-dom@18.3.1_react@18.3.1__react@18.3.1\node_modules\next\dist\server\load-components.js
- C:\Users\IYANUOLUWA\Documents\React\eventchimp-v2\node_modules\.pnpm\next@14.2.35_react-dom@18.3.1_react@18.3.1__react@18.3.1\node_modules\next\dist\build\utils.js
- C:\Users\IYANUOLUWA\Documents\React\eventchimp-v2\node_modules\.pnpm\next@14.2.35_react-dom@18.3.1_react@18.3.1__react@18.3.1\node_modules\next\dist\server\dev\hot-middleware.js
- C:\Users\IYANUOLUWA\Documents\React\eventchimp-v2\node_modules\.pnpm\next@14.2.35_react-dom@18.3.1_react@18.3.1__react@18.3.1\node_modules\next\dist\server\dev\hot-reloader-webpack.js
- C:\Users\IYANUOLUWA\Documents\React\eventchimp-v2\node_modules\.pnpm\next@14.2.35_react-dom@18.3.1_react@18.3.1__react@18.3.1\node_modules\next\dist\server\lib\router-utils\setup-dev-bundler.js
- C:\Users\IYANUOLUWA\Documents\React\eventchimp-v2\node_modules\.pnpm\next@14.2.35_react-dom@18.3.1_react@18.3.1__react@18.3.1\node_modules\next\dist\server\lib\router-server.js
- C:\Users\IYANUOLUWA\Documents\React\eventchimp-v2\node_modules\.pnpm\next@14.2.35_react-dom@18.3.1_react@18.3.1__react@18.3.1\node_modules\next\dist\server\lib\start-server.js
    at Function.<anonymous> (node:internal/modules/cjs/loader:1401:15)
    at C:\Users\IYANUOLUWA\Documents\React\eventchimp-v2\node_modules\.pnpm\next@14.2.35_react-dom@18.3.1_react@18.3.1__react@18.3.1\node_modules\next\dist\server\require-hook.js:55:36
    at defaultResolveImpl (node:internal/modules/cjs/loader:1057:19)
    at resolveForCJSWithHooks (node:internal/modules/cjs/loader:1062:22)
    at Function._load (node:internal/modules/cjs/loader:1211:37)
    at TracingChannel.traceSync (node:diagnostics_channel:322:14)
    at wrapModuleLoad (node:internal/modules/cjs/loader:235:24)
    at Module.<anonymous> (node:internal/modules/cjs/loader:1487:12)
    at mod.require (C:\Users\IYANUOLUWA\Documents\React\eventchimp-v2\node_modules\.pnpm\next@14.2.35_react-dom@18.3.1_react@18.3.1__react@18.3.1\node_modules\next\dist\server\require-hook.js:65:28)
    at require (node:internal/modules/helpers:135:16)
    at __webpack_require__.f.require (C:\Users\IYANUOLUWA\Documents\React\eventchimp-v2\frontend\.next\server\webpack-runtime.js:198:28)
    at C:\Users\IYANUOLUWA\Documents\React\eventchimp-v2\frontend\.next\server\webpack-runtime.js:111:40
    at Array.reduce (<anonymous>)
    at __webpack_require__.e (C:\Users\IYANUOLUWA\Documents\React\eventchimp-v2\frontend\.next\server\webpack-runtime.js:110:67)
    at Array.map (<anonymous>)
    at __webpack_require__.X (C:\Users\IYANUOLUWA\Documents\React\eventchimp-v2\frontend\.next\server\webpack-runtime.js:162:22)
    at C:\Users\IYANUOLUWA\Documents\React\eventchimp-v2\frontend\.next\server\app\(auth)\login\page.js:1:11645
    at Object.<anonymous> (C:\Users\IYANUOLUWA\Documents\React\eventchimp-v2\frontend\.next\server\app\(auth)\login\page.js:1:11690)
    at Module._compile (node:internal/modules/cjs/loader:1730:14)
    at Object..js (node:internal/modules/cjs/loader:1895:10)
    at Module.load (node:internal/modules/cjs/loader:1465:32)
    at Function._load (node:internal/modules/cjs/loader:1282:12)
    at TracingChannel.traceSync (node:diagnostics_channel:322:14)
    at wrapModuleLoad (node:internal/modules/cjs/loader:235:24)
    at Module.<anonymous> (node:internal/modules/cjs/loader:1487:12)
    at mod.require (C:\Users\IYANUOLUWA\Documents\React\eventchimp-v2\node_modules\.pnpm\next@14.2.35_react-dom@18.3.1_react@18.3.1__react@18.3.1\node_modules\next\dist\server\require-hook.js:65:28)
    at require (node:internal/modules/helpers:135:16)
    at requirePage (C:\Users\IYANUOLUWA\Documents\React\eventchimp-v2\node_modules\.pnpm\next@14.2.35_react-dom@18.3.1_react@18.3.1__react@18.3.1\node_modules\next\dist\server\require.js:109:84)
    at C:\Users\IYANUOLUWA\Documents\React\eventchimp-v2\node_modules\.pnpm\next@14.2.35_react-dom@18.3.1_react@18.3.1__react@18.3.1\node_modules\next\dist\server\load-components.js:103:84
    at async loadComponentsImpl (C:\Users\IYANUOLUWA\Documents\React\eventchimp-v2\node_modules\.pnpm\next@14.2.35_react-dom@18.3.1_react@18.3.1__react@18.3.1\node_modules\next\dist\server\load-components.js:103:26)
    at async DevServer.findPageComponentsImpl (C:\Users\IYANUOLUWA\Documents\React\eventchimp-v2\node_modules\.pnpm\next@14.2.35_react-dom@18.3.1_react@18.3.1__react@18.3.1\node_modules\next\dist\server\next-server.js:714:36)
    at async DevServer.findPageComponents (C:\Users\IYANUOLUWA\Documents\React\eventchimp-v2\node_modules\.pnpm\next@14.2.35_react-dom@18.3.1_react@18.3.1__react@18.3.1\node_modules\next\dist\server\dev\next-dev-server.js:577:20)
    at async DevServer.renderPageComponent (C:\Users\IYANUOLUWA\Documents\React\eventchimp-v2\node_modules\.pnpm\next@14.2.35_react-dom@18.3.1_react@18.3.1__react@18.3.1\node_modules\next\dist\server\base-server.js:1910:24)
    at async DevServer.renderToResponseImpl (C:\Users\IYANUOLUWA\Documents\React\eventchimp-v2\node_modules\.pnpm\next@14.2.35_react-dom@18.3.1_react@18.3.1__react@18.3.1\node_modules\next\dist\server\base-server.js:1962:32)
    at async DevServer.pipeImpl (C:\Users\IYANUOLUWA\Documents\React\eventchimp-v2\node_modules\.pnpm\next@14.2.35_react-dom@18.3.1_react@18.3.1__react@18.3.1\node_modules\next\dist\server\base-server.js:922:25)
    at async NextNodeServer.handleCatchallRenderRequest (C:\Users\IYANUOLUWA\Documents\React\eventchimp-v2\node_modules\.pnpm\next@14.2.35_react-dom@18.3.1_react@18.3.1__react@18.3.1\node_modules\next\dist\server\next-server.js:272:17)
    at async DevServer.handleRequestImpl (C:\Users\IYANUOLUWA\Documents\React\eventchimp-v2\node_modules\.pnpm\next@14.2.35_react-dom@18.3.1_react@18.3.1__react@18.3.1\node_modules\next\dist\server\base-server.js:818:17)
    at async C:\Users\IYANUOLUWA\Documents\React\eventchimp-v2\node_modules\.pnpm\next@14.2.35_react-dom@18.3.1_react@18.3.1__react@18.3.1\node_modules\next\dist\server\dev\next-dev-server.js:339:20
    at async Span.traceAsyncFn (C:\Users\IYANUOLUWA\Documents\React\eventchimp-v2\node_modules\.pnpm\next@14.2.35_react-dom@18.3.1_react@18.3.1__react@18.3.1\node_modules\next\dist\trace\trace.js:154:20)
    at async DevServer.handleRequest (C:\Users\IYANUOLUWA\Documents\React\eventchimp-v2\node_modules\.pnpm\next@14.2.35_react-dom@18.3.1_react@18.3.1__react@18.3.1\node_modules\next\dist\server\dev\next-dev-server.js:336:24)
    at async invokeRender (C:\Users\IYANUOLUWA\Documents\React\eventchimp-v2\node_modules\.pnpm\next@14.2.35_react-dom@18.3.1_react@18.3.1__react@18.3.1\node_modules\next\dist\server\lib\router-server.js:179:21)
    at async handleRequest (C:\Users\IYANUOLUWA\Documents\React\eventchimp-v2\node_modules\.pnpm\next@14.2.35_react-dom@18.3.1_react@18.3.1__react@18.3.1\node_modules\next\dist\server\lib\router-server.js:359:24)
    at async requestHandlerImpl (C:\Users\IYANUOLUWA\Documents\React\eventchimp-v2\node_modules\.pnpm\next@14.2.35_react-dom@18.3.1_react@18.3.1__react@18.3.1\node_modules\next\dist\server\lib\router-server.js:383:13)
    at async Server.requestListener (C:\Users\IYANUOLUWA\Documents\React\eventchimp-v2\node_modules\.pnpm\next@14.2.35_react-dom@18.3.1_react@18.3.1__react@18.3.1\node_modules\next\dist\server\lib\start-server.js:141:13) {
  code: 'MODULE_NOT_FOUND',
  requireStack: [
    'C:\\Users\\IYANUOLUWA\\Documents\\React\\eventchimp-v2\\frontend\\.next\\server\\webpack-runtime.js',
    'C:\\Users\\IYANUOLUWA\\Documents\\React\\eventchimp-v2\\frontend\\.next\\server\\app\\dashboard\\events\\new\\page.js',
    'C:\\Users\\IYANUOLUWA\\Documents\\React\\eventchimp-v2\\node_modules\\.pnpm\\next@14.2.35_react-dom@18.3.1_react@18.3.1__react@18.3.1\\node_modules\\next\\dist\\server\\require.js',
    'C:\\Users\\IYANUOLUWA\\Documents\\React\\eventchimp-v2\\node_modules\\.pnpm\\next@14.2.35_react-dom@18.3.1_react@18.3.1__react@18.3.1\\node_modules\\next\\dist\\server\\load-components.js',
    'C:\\Users\\IYANUOLUWA\\Documents\\React\\eventchimp-v2\\node_modules\\.pnpm\\next@14.2.35_react-dom@18.3.1_react@18.3.1__react@18.3.1\\node_modules\\next\\dist\\build\\utils.js',
    'C:\\Users\\IYANUOLUWA\\Documents\\React\\eventchimp-v2\\node_modules\\.pnpm\\next@14.2.35_react-dom@18.3.1_react@18.3.1__react@18.3.1\\node_modules\\next\\dist\\server\\dev\\hot-middleware.js',
    'C:\\Users\\IYANUOLUWA\\Documents\\React\\eventchimp-v2\\node_modules\\.pnpm\\next@14.2.35_react-dom@18.3.1_react@18.3.1__react@18.3.1\\node_modules\\next\\dist\\server\\dev\\hot-reloader-webpack.js',
    'C:\\Users\\IYANUOLUWA\\Documents\\React\\eventchimp-v2\\node_modules\\.pnpm\\next@14.2.35_react-dom@18.3.1_react@18.3.1__react@18.3.1\\node_modules\\next\\dist\\server\\lib\\router-utils\\setup-dev-bundler.js',
    'C:\\Users\\IYANUOLUWA\\Documents\\React\\eventchimp-v2\\node_modules\\.pnpm\\next@14.2.35_react-dom@18.3.1_react@18.3.1__react@18.3.1\\node_modules\\next\\dist\\server\\lib\\router-server.js',
    'C:\\Users\\IYANUOLUWA\\Documents\\React\\eventchimp-v2\\node_modules\\.pnpm\\next@14.2.35_react-dom@18.3.1_react@18.3.1__react@18.3.1\\node_modules\\next\\dist\\server\\lib\\start-server.js'
  ],
  page: '/login'
}
 ⨯ Error: Cannot find module './510.js'
Require stack:
- C:\Users\IYANUOLUWA\Documents\React\eventchimp-v2\frontend\.next\server\webpack-runtime.js
- C:\Users\IYANUOLUWA\Documents\React\eventchimp-v2\frontend\.next\server\app\dashboard\events\new\page.js
- C:\Users\IYANUOLUWA\Documents\React\eventchimp-v2\node_modules\.pnpm\next@14.2.35_react-dom@18.3.1_react@18.3.1__react@18.3.1\node_modules\next\dist\server\require.js
- C:\Users\IYANUOLUWA\Documents\React\eventchimp-v2\node_modules\.pnpm\next@14.2.35_react-dom@18.3.1_react@18.3.1__react@18.3.1\node_modules\next\dist\server\load-components.js
- C:\Users\IYANUOLUWA\Documents\React\eventchimp-v2\node_modules\.pnpm\next@14.2.35_react-dom@18.3.1_react@18.3.1__react@18.3.1\node_modules\next\dist\build\utils.js
- C:\Users\IYANUOLUWA\Documents\React\eventchimp-v2\node_modules\.pnpm\next@14.2.35_react-dom@18.3.1_react@18.3.1__react@18.3.1\node_modules\next\dist\server\dev\hot-middleware.js
- C:\Users\IYANUOLUWA\Documents\React\eventchimp-v2\node_modules\.pnpm\next@14.2.35_react-dom@18.3.1_react@18.3.1__react@18.3.1\node_modules\next\dist\server\dev\hot-reloader-webpack.js
- C:\Users\IYANUOLUWA\Documents\React\eventchimp-v2\node_modules\.pnpm\next@14.2.35_react-dom@18.3.1_react@18.3.1__react@18.3.1\node_modules\next\dist\server\lib\router-utils\setup-dev-bundler.js
- C:\Users\IYANUOLUWA\Documents\React\eventchimp-v2\node_modules\.pnpm\next@14.2.35_react-dom@18.3.1_react@18.3.1__react@18.3.1\node_modules\next\dist\server\lib\router-server.js
- C:\Users\IYANUOLUWA\Documents\React\eventchimp-v2\node_modules\.pnpm\next@14.2.35_react-dom@18.3.1_react@18.3.1__react@18.3.1\node_modules\next\dist\server\lib\start-server.js
    at Function.<anonymous> (node:internal/modules/cjs/loader:1401:15)
    at C:\Users\IYANUOLUWA\Documents\React\eventchimp-v2\node_modules\.pnpm\next@14.2.35_react-dom@18.3.1_react@18.3.1__react@18.3.1\node_modules\next\dist\server\require-hook.js:55:36
    at defaultResolveImpl (node:internal/modules/cjs/loader:1057:19)
    at resolveForCJSWithHooks (node:internal/modules/cjs/loader:1062:22)
    at Function._load (node:internal/modules/cjs/loader:1211:37)
    at TracingChannel.traceSync (node:diagnostics_channel:322:14)
    at wrapModuleLoad (node:internal/modules/cjs/loader:235:24)
    at Module.<anonymous> (node:internal/modules/cjs/loader:1487:12)
    at mod.require (C:\Users\IYANUOLUWA\Documents\React\eventchimp-v2\node_modules\.pnpm\next@14.2.35_react-dom@18.3.1_react@18.3.1__react@18.3.1\node_modules\next\dist\server\require-hook.js:65:28)
    at require (node:internal/modules/helpers:135:16)
    at __webpack_require__.f.require (C:\Users\IYANUOLUWA\Documents\React\eventchimp-v2\frontend\.next\server\webpack-runtime.js:198:28)
    at C:\Users\IYANUOLUWA\Documents\React\eventchimp-v2\frontend\.next\server\webpack-runtime.js:111:40
    at Array.reduce (<anonymous>)
    at __webpack_require__.e (C:\Users\IYANUOLUWA\Documents\React\eventchimp-v2\frontend\.next\server\webpack-runtime.js:110:67)
    at Array.map (<anonymous>)
    at __webpack_require__.X (C:\Users\IYANUOLUWA\Documents\React\eventchimp-v2\frontend\.next\server\webpack-runtime.js:162:22)
    at C:\Users\IYANUOLUWA\Documents\React\eventchimp-v2\frontend\.next\server\app\(auth)\signup\page.js:1:12245
    at Object.<anonymous> (C:\Users\IYANUOLUWA\Documents\React\eventchimp-v2\frontend\.next\server\app\(auth)\signup\page.js:1:12289)
    at Module._compile (node:internal/modules/cjs/loader:1730:14)
    at Object..js (node:internal/modules/cjs/loader:1895:10)
    at Module.load (node:internal/modules/cjs/loader:1465:32)
    at Function._load (node:internal/modules/cjs/loader:1282:12)
    at TracingChannel.traceSync (node:diagnostics_channel:322:14)
    at wrapModuleLoad (node:internal/modules/cjs/loader:235:24)
    at Module.<anonymous> (node:internal/modules/cjs/loader:1487:12)
    at mod.require (C:\Users\IYANUOLUWA\Documents\React\eventchimp-v2\node_modules\.pnpm\next@14.2.35_react-dom@18.3.1_react@18.3.1__react@18.3.1\node_modules\next\dist\server\require-hook.js:65:28)
    at require (node:internal/modules/helpers:135:16)
    at requirePage (C:\Users\IYANUOLUWA\Documents\React\eventchimp-v2\node_modules\.pnpm\next@14.2.35_react-dom@18.3.1_react@18.3.1__react@18.3.1\node_modules\next\dist\server\require.js:109:84)
    at C:\Users\IYANUOLUWA\Documents\React\eventchimp-v2\node_modules\.pnpm\next@14.2.35_react-dom@18.3.1_react@18.3.1__react@18.3.1\node_modules\next\dist\server\load-components.js:103:84
    at async loadComponentsImpl (C:\Users\IYANUOLUWA\Documents\React\eventchimp-v2\node_modules\.pnpm\next@14.2.35_react-dom@18.3.1_react@18.3.1__react@18.3.1\node_modules\next\dist\server\load-components.js:103:26)
    at async DevServer.findPageComponentsImpl (C:\Users\IYANUOLUWA\Documents\React\eventchimp-v2\node_modules\.pnpm\next@14.2.35_react-dom@18.3.1_react@18.3.1__react@18.3.1\node_modules\next\dist\server\next-server.js:714:36)
    at async DevServer.findPageComponents (C:\Users\IYANUOLUWA\Documents\React\eventchimp-v2\node_modules\.pnpm\next@14.2.35_react-dom@18.3.1_react@18.3.1__react@18.3.1\node_modules\next\dist\server\dev\next-dev-server.js:577:20)
    at async DevServer.renderPageComponent (C:\Users\IYANUOLUWA\Documents\React\eventchimp-v2\node_modules\.pnpm\next@14.2.35_react-dom@18.3.1_react@18.3.1__react@18.3.1\node_modules\next\dist\server\base-server.js:1910:24)
    at async DevServer.renderToResponseImpl (C:\Users\IYANUOLUWA\Documents\React\eventchimp-v2\node_modules\.pnpm\next@14.2.35_react-dom@18.3.1_react@18.3.1__react@18.3.1\node_modules\next\dist\server\base-server.js:1962:32)
    at async DevServer.pipeImpl (C:\Users\IYANUOLUWA\Documents\React\eventchimp-v2\node_modules\.pnpm\next@14.2.35_react-dom@18.3.1_react@18.3.1__react@18.3.1\node_modules\next\dist\server\base-server.js:922:25)
    at async NextNodeServer.handleCatchallRenderRequest (C:\Users\IYANUOLUWA\Documents\React\eventchimp-v2\node_modules\.pnpm\next@14.2.35_react-dom@18.3.1_react@18.3.1__react@18.3.1\node_modules\next\dist\server\next-server.js:272:17)
    at async DevServer.handleRequestImpl (C:\Users\IYANUOLUWA\Documents\React\eventchimp-v2\node_modules\.pnpm\next@14.2.35_react-dom@18.3.1_react@18.3.1__react@18.3.1\node_modules\next\dist\server\base-server.js:818:17)
    at async C:\Users\IYANUOLUWA\Documents\React\eventchimp-v2\node_modules\.pnpm\next@14.2.35_react-dom@18.3.1_react@18.3.1__react@18.3.1\node_modules\next\dist\server\dev\next-dev-server.js:339:20
    at async Span.traceAsyncFn (C:\Users\IYANUOLUWA\Documents\React\eventchimp-v2\node_modules\.pnpm\next@14.2.35_react-dom@18.3.1_react@18.3.1__react@18.3.1\node_modules\next\dist\trace\trace.js:154:20)
    at async DevServer.handleRequest (C:\Users\IYANUOLUWA\Documents\React\eventchimp-v2\node_modules\.pnpm\next@14.2.35_react-dom@18.3.1_react@18.3.1__react@18.3.1\node_modules\next\dist\server\dev\next-dev-server.js:336:24)
    at async invokeRender (C:\Users\IYANUOLUWA\Documents\React\eventchimp-v2\node_modules\.pnpm\next@14.2.35_react-dom@18.3.1_react@18.3.1__react@18.3.1\node_modules\next\dist\server\lib\router-server.js:179:21)
    at async handleRequest (C:\Users\IYANUOLUWA\Documents\React\eventchimp-v2\node_modules\.pnpm\next@14.2.35_react-dom@18.3.1_react@18.3.1__react@18.3.1\node_modules\next\dist\server\lib\router-server.js:359:24)
    at async requestHandlerImpl (C:\Users\IYANUOLUWA\Documents\React\eventchimp-v2\node_modules\.pnpm\next@14.2.35_react-dom@18.3.1_react@18.3.1__react@18.3.1\node_modules\next\dist\server\lib\router-server.js:383:13)
    at async Server.requestListener (C:\Users\IYANUOLUWA\Documents\React\eventchimp-v2\node_modules\.pnpm\next@14.2.35_react-dom@18.3.1_react@18.3.1__react@18.3.1\node_modules\next\dist\server\lib\start-server.js:141:13) {
  code: 'MODULE_NOT_FOUND',
  requireStack: [
    'C:\\Users\\IYANUOLUWA\\Documents\\React\\eventchimp-v2\\frontend\\.next\\server\\webpack-runtime.js',
    'C:\\Users\\IYANUOLUWA\\Documents\\React\\eventchimp-v2\\frontend\\.next\\server\\app\\dashboard\\events\\new\\page.js',
    'C:\\Users\\IYANUOLUWA\\Documents\\React\\eventchimp-v2\\node_modules\\.pnpm\\next@14.2.35_react-dom@18.3.1_react@18.3.1__react@18.3.1\\node_modules\\next\\dist\\server\\require.js',
    'C:\\Users\\IYANUOLUWA\\Documents\\React\\eventchimp-v2\\node_modules\\.pnpm\\next@14.2.35_react-dom@18.3.1_react@18.3.1__react@18.3.1\\node_modules\\next\\dist\\server\\load-components.js',
    'C:\\Users\\IYANUOLUWA\\Documents\\React\\eventchimp-v2\\node_modules\\.pnpm\\next@14.2.35_react-dom@18.3.1_react@18.3.1__react@18.3.1\\node_modules\\next\\dist\\build\\utils.js',
    'C:\\Users\\IYANUOLUWA\\Documents\\React\\eventchimp-v2\\node_modules\\.pnpm\\next@14.2.35_react-dom@18.3.1_react@18.3.1__react@18.3.1\\node_modules\\next\\dist\\server\\dev\\hot-middleware.js',
    'C:\\Users\\IYANUOLUWA\\Documents\\React\\eventchimp-v2\\node_modules\\.pnpm\\next@14.2.35_react-dom@18.3.1_react@18.3.1__react@18.3.1\\node_modules\\next\\dist\\server\\dev\\hot-reloader-webpack.js',
    'C:\\Users\\IYANUOLUWA\\Documents\\React\\eventchimp-v2\\node_modules\\.pnpm\\next@14.2.35_react-dom@18.3.1_react@18.3.1__react@18.3.1\\node_modules\\next\\dist\\server\\lib\\router-utils\\setup-dev-bundler.js',
    'C:\\Users\\IYANUOLUWA\\Documents\\React\\eventchimp-v2\\node_modules\\.pnpm\\next@14.2.35_react-dom@18.3.1_react@18.3.1__react@18.3.1\\node_modules\\next\\dist\\server\\lib\\router-server.js',
    'C:\\Users\\IYANUOLUWA\\Documents\\React\\eventchimp-v2\\node_modules\\.pnpm\\next@14.2.35_react-dom@18.3.1_react@18.3.1__react@18.3.1\\node_modules\\next\\dist\\server\\lib\\start-server.js'
  ],
  page: '/signup'
}
 ⨯ Error: Cannot find module './510.js'
Require stack:
- C:\Users\IYANUOLUWA\Documents\React\eventchimp-v2\frontend\.next\server\webpack-runtime.js
- C:\Users\IYANUOLUWA\Documents\React\eventchimp-v2\frontend\.next\server\app\dashboard\events\new\page.js
- C:\Users\IYANUOLUWA\Documents\React\eventchimp-v2\node_modules\.pnpm\next@14.2.35_react-dom@18.3.1_react@18.3.1__react@18.3.1\node_modules\next\dist\server\require.js
- C:\Users\IYANUOLUWA\Documents\React\eventchimp-v2\node_modules\.pnpm\next@14.2.35_react-dom@18.3.1_react@18.3.1__react@18.3.1\node_modules\next\dist\server\load-components.js
- C:\Users\IYANUOLUWA\Documents\React\eventchimp-v2\node_modules\.pnpm\next@14.2.35_react-dom@18.3.1_react@18.3.1__react@18.3.1\node_modules\next\dist\build\utils.js
- C:\Users\IYANUOLUWA\Documents\React\eventchimp-v2\node_modules\.pnpm\next@14.2.35_react-dom@18.3.1_react@18.3.1__react@18.3.1\node_modules\next\dist\server\dev\hot-middleware.js
- C:\Users\IYANUOLUWA\Documents\React\eventchimp-v2\node_modules\.pnpm\next@14.2.35_react-dom@18.3.1_react@18.3.1__react@18.3.1\node_modules\next\dist\server\dev\hot-reloader-webpack.js
- C:\Users\IYANUOLUWA\Documents\React\eventchimp-v2\node_modules\.pnpm\next@14.2.35_react-dom@18.3.1_react@18.3.1__react@18.3.1\node_modules\next\dist\server\lib\router-utils\setup-dev-bundler.js
- C:\Users\IYANUOLUWA\Documents\React\eventchimp-v2\node_modules\.pnpm\next@14.2.35_react-dom@18.3.1_react@18.3.1__react@18.3.1\node_modules\next\dist\server\lib\router-server.js
- C:\Users\IYANUOLUWA\Documents\React\eventchimp-v2\node_modules\.pnpm\next@14.2.35_react-dom@18.3.1_react@18.3.1__react@18.3.1\node_modules\next\dist\server\lib\start-server.js
    at Function.<anonymous> (node:internal/modules/cjs/loader:1401:15)
    at C:\Users\IYANUOLUWA\Documents\React\eventchimp-v2\node_modules\.pnpm\next@14.2.35_react-dom@18.3.1_react@18.3.1__react@18.3.1\node_modules\next\dist\server\require-hook.js:55:36
    at defaultResolveImpl (node:internal/modules/cjs/loader:1057:19)
    at resolveForCJSWithHooks (node:internal/modules/cjs/loader:1062:22)
    at Function._load (node:internal/modules/cjs/loader:1211:37)
    at TracingChannel.traceSync (node:diagnostics_channel:322:14)
    at wrapModuleLoad (node:internal/modules/cjs/loader:235:24)
    at Module.<anonymous> (node:internal/modules/cjs/loader:1487:12)
    at mod.require (C:\Users\IYANUOLUWA\Documents\React\eventchimp-v2\node_modules\.pnpm\next@14.2.35_react-dom@18.3.1_react@18.3.1__react@18.3.1\node_modules\next\dist\server\require-hook.js:65:28)
    at require (node:internal/modules/helpers:135:16)
    at __webpack_require__.f.require (C:\Users\IYANUOLUWA\Documents\React\eventchimp-v2\frontend\.next\server\webpack-runtime.js:198:28)
    at C:\Users\IYANUOLUWA\Documents\React\eventchimp-v2\frontend\.next\server\webpack-runtime.js:111:40
    at Array.reduce (<anonymous>)
    at __webpack_require__.e (C:\Users\IYANUOLUWA\Documents\React\eventchimp-v2\frontend\.next\server\webpack-runtime.js:110:67)
    at Array.map (<anonymous>)
    at __webpack_require__.X (C:\Users\IYANUOLUWA\Documents\React\eventchimp-v2\frontend\.next\server\webpack-runtime.js:162:22)
    at C:\Users\IYANUOLUWA\Documents\React\eventchimp-v2\frontend\.next\server\app\events\page.js:1:10023
    at Object.<anonymous> (C:\Users\IYANUOLUWA\Documents\React\eventchimp-v2\frontend\.next\server\app\events\page.js:1:10068)
    at Module._compile (node:internal/modules/cjs/loader:1730:14)
    at Object..js (node:internal/modules/cjs/loader:1895:10)
    at Module.load (node:internal/modules/cjs/loader:1465:32)
    at Function._load (node:internal/modules/cjs/loader:1282:12)
    at TracingChannel.traceSync (node:diagnostics_channel:322:14)
    at wrapModuleLoad (node:internal/modules/cjs/loader:235:24)
    at Module.<anonymous> (node:internal/modules/cjs/loader:1487:12)
    at mod.require (C:\Users\IYANUOLUWA\Documents\React\eventchimp-v2\node_modules\.pnpm\next@14.2.35_react-dom@18.3.1_react@18.3.1__react@18.3.1\node_modules\next\dist\server\require-hook.js:65:28)
    at require (node:internal/modules/helpers:135:16)
    at requirePage (C:\Users\IYANUOLUWA\Documents\React\eventchimp-v2\node_modules\.pnpm\next@14.2.35_react-dom@18.3.1_react@18.3.1__react@18.3.1\node_modules\next\dist\server\require.js:109:84)
    at C:\Users\IYANUOLUWA\Documents\React\eventchimp-v2\node_modules\.pnpm\next@14.2.35_react-dom@18.3.1_react@18.3.1__react@18.3.1\node_modules\next\dist\server\load-components.js:103:84
    at async loadComponentsImpl (C:\Users\IYANUOLUWA\Documents\React\eventchimp-v2\node_modules\.pnpm\next@14.2.35_react-dom@18.3.1_react@18.3.1__react@18.3.1\node_modules\next\dist\server\load-components.js:103:26)
    at async DevServer.findPageComponentsImpl (C:\Users\IYANUOLUWA\Documents\React\eventchimp-v2\node_modules\.pnpm\next@14.2.35_react-dom@18.3.1_react@18.3.1__react@18.3.1\node_modules\next\dist\server\next-server.js:714:36)
    at async DevServer.findPageComponents (C:\Users\IYANUOLUWA\Documents\React\eventchimp-v2\node_modules\.pnpm\next@14.2.35_react-dom@18.3.1_react@18.3.1__react@18.3.1\node_modules\next\dist\server\dev\next-dev-server.js:577:20)
    at async DevServer.renderPageComponent (C:\Users\IYANUOLUWA\Documents\React\eventchimp-v2\node_modules\.pnpm\next@14.2.35_react-dom@18.3.1_react@18.3.1__react@18.3.1\node_modules\next\dist\server\base-server.js:1910:24)
    at async DevServer.renderToResponseImpl (C:\Users\IYANUOLUWA\Documents\React\eventchimp-v2\node_modules\.pnpm\next@14.2.35_react-dom@18.3.1_react@18.3.1__react@18.3.1\node_modules\next\dist\server\base-server.js:1962:32)
    at async DevServer.pipeImpl (C:\Users\IYANUOLUWA\Documents\React\eventchimp-v2\node_modules\.pnpm\next@14.2.35_react-dom@18.3.1_react@18.3.1__react@18.3.1\node_modules\next\dist\server\base-server.js:922:25)
    at async NextNodeServer.handleCatchallRenderRequest (C:\Users\IYANUOLUWA\Documents\React\eventchimp-v2\node_modules\.pnpm\next@14.2.35_react-dom@18.3.1_react@18.3.1__react@18.3.1\node_modules\next\dist\server\next-server.js:272:17)
    at async DevServer.handleRequestImpl (C:\Users\IYANUOLUWA\Documents\React\eventchimp-v2\node_modules\.pnpm\next@14.2.35_react-dom@18.3.1_react@18.3.1__react@18.3.1\node_modules\next\dist\server\base-server.js:818:17)
    at async C:\Users\IYANUOLUWA\Documents\React\eventchimp-v2\node_modules\.pnpm\next@14.2.35_react-dom@18.3.1_react@18.3.1__react@18.3.1\node_modules\next\dist\server\dev\next-dev-server.js:339:20
    at async Span.traceAsyncFn (C:\Users\IYANUOLUWA\Documents\React\eventchimp-v2\node_modules\.pnpm\next@14.2.35_react-dom@18.3.1_react@18.3.1__react@18.3.1\node_modules\next\dist\trace\trace.js:154:20)
    at async DevServer.handleRequest (C:\Users\IYANUOLUWA\Documents\React\eventchimp-v2\node_modules\.pnpm\next@14.2.35_react-dom@18.3.1_react@18.3.1__react@18.3.1\node_modules\next\dist\server\dev\next-dev-server.js:336:24)
    at async invokeRender (C:\Users\IYANUOLUWA\Documents\React\eventchimp-v2\node_modules\.pnpm\next@14.2.35_react-dom@18.3.1_react@18.3.1__react@18.3.1\node_modules\next\dist\server\lib\router-server.js:179:21)
    at async handleRequest (C:\Users\IYANUOLUWA\Documents\React\eventchimp-v2\node_modules\.pnpm\next@14.2.35_react-dom@18.3.1_react@18.3.1__react@18.3.1\node_modules\next\dist\server\lib\router-server.js:359:24)
    at async requestHandlerImpl (C:\Users\IYANUOLUWA\Documents\React\eventchimp-v2\node_modules\.pnpm\next@14.2.35_react-dom@18.3.1_react@18.3.1__react@18.3.1\node_modules\next\dist\server\lib\router-server.js:383:13)
    at async Server.requestListener (C:\Users\IYANUOLUWA\Documents\React\eventchimp-v2\node_modules\.pnpm\next@14.2.35_react-dom@18.3.1_react@18.3.1__react@18.3.1\node_modules\next\dist\server\lib\start-server.js:141:13) {
  code: 'MODULE_NOT_FOUND',
  requireStack: [
    'C:\\Users\\IYANUOLUWA\\Documents\\React\\eventchimp-v2\\frontend\\.next\\server\\webpack-runtime.js',
    'C:\\Users\\IYANUOLUWA\\Documents\\React\\eventchimp-v2\\frontend\\.next\\server\\app\\dashboard\\events\\new\\page.js',
    'C:\\Users\\IYANUOLUWA\\Documents\\React\\eventchimp-v2\\node_modules\\.pnpm\\next@14.2.35_react-dom@18.3.1_react@18.3.1__react@18.3.1\\node_modules\\next\\dist\\server\\require.js',
    'C:\\Users\\IYANUOLUWA\\Documents\\React\\eventchimp-v2\\node_modules\\.pnpm\\next@14.2.35_react-dom@18.3.1_react@18.3.1__react@18.3.1\\node_modules\\next\\dist\\server\\load-components.js',
    'C:\\Users\\IYANUOLUWA\\Documents\\React\\eventchimp-v2\\node_modules\\.pnpm\\next@14.2.35_react-dom@18.3.1_react@18.3.1__react@18.3.1\\node_modules\\next\\dist\\build\\utils.js',
    'C:\\Users\\IYANUOLUWA\\Documents\\React\\eventchimp-v2\\node_modules\\.pnpm\\next@14.2.35_react-dom@18.3.1_react@18.3.1__react@18.3.1\\node_modules\\next\\dist\\server\\dev\\hot-middleware.js',
    'C:\\Users\\IYANUOLUWA\\Documents\\React\\eventchimp-v2\\node_modules\\.pnpm\\next@14.2.35_react-dom@18.3.1_react@18.3.1__react@18.3.1\\node_modules\\next\\dist\\server\\dev\\hot-reloader-webpack.js',
    'C:\\Users\\IYANUOLUWA\\Documents\\React\\eventchimp-v2\\node_modules\\.pnpm\\next@14.2.35_react-dom@18.3.1_react@18.3.1__react@18.3.1\\node_modules\\next\\dist\\server\\lib\\router-utils\\setup-dev-bundler.js',
    'C:\\Users\\IYANUOLUWA\\Documents\\React\\eventchimp-v2\\node_modules\\.pnpm\\next@14.2.35_react-dom@18.3.1_react@18.3.1__react@18.3.1\\node_modules\\next\\dist\\server\\lib\\router-server.js',
    'C:\\Users\\IYANUOLUWA\\Documents\\React\\eventchimp-v2\\node_modules\\.pnpm\\next@14.2.35_react-dom@18.3.1_react@18.3.1__react@18.3.1\\node_modules\\next\\dist\\server\\lib\\start-server.js'
  ],
  page: '/events'
}
<w> [webpack.cache.PackFileCacheStrategy] Caching failed for pack: Error: ENOENT: no such file or directory, lstat 'C:\Users\IYANUOLUWA\Documents\React\eventchimp-v2\frontend\.next\server\vendor-chunks\es-object-atoms@1.1.1.js'
<w> [webpack.cache.PackFileCacheStrategy/webpack.FileSystemInfo] Resolving './vendor-chunks/es-object-atoms@1.1.1' in C:\Users\IYANUOLUWA\Documents\React\eventchimp-v2\frontend\.next\server for build dependencies doesn't lead to expected result 'C:\Users\IYANUOLUWA\Documents\React\eventchimp-v2\frontend\.next\server\vendor-chunks\es-object-atoms@1.1.1.js', but to 'Error: Can't resolve './vendor-chunks/es-object-atoms@1.1.1' in 'C:\Users\IYANUOLUWA\Documents\React\eventchimp-v2\frontend\.next\server'' instead. Resolving dependencies are ignored for this path.
<w>  at resolve commonjs file ./vendor-chunks/es-object-atoms@1.1.1 (expected C:\Users\IYANUOLUWA\Documents\React\eventchimp-v2\frontend\.next\server\vendor-chunks\es-object-atoms@1.1.1.js)
<w>  at file dependencies C:\Users\IYANUOLUWA\Documents\React\eventchimp-v2\frontend\.next\server\webpack-runtime.js
<w>  at file C:\Users\IYANUOLUWA\Documents\React\eventchimp-v2\frontend\.next\server\webpack-runtime.js
<w>  at file dependencies C:\Users\IYANUOLUWA\Documents\React\eventchimp-v2\frontend\.next\server\app\(auth)\signup\page.js
<w>  at file C:\Users\IYANUOLUWA\Documents\React\eventchimp-v2\frontend\.next\server\app\(auth)\signup\page.js
<w>  at file dependencies C:\Users\IYANUOLUWA\Documents\React\eventchimp-v2\node_modules\.pnpm\next@14.2.35_react-dom@18.3.1_react@18.3.1__react@18.3.1\node_modules\next\dist\server\require.js
<w>  at file C:\Users\IYANUOLUWA\Documents\React\eventchimp-v2\node_modules\.pnpm\next@14.2.35_react-dom@18.3.1_react@18.3.1__react@18.3.1\node_modules\next\dist\server\require.js
<w>  at file dependencies C:\Users\IYANUOLUWA\Documents\React\eventchimp-v2\node_modules\.pnpm\next@14.2.35_react-dom@18.3.1_react@18.3.1__react@18.3.1\node_modules\next\dist\server\load-components.js
<w>  at file C:\Users\IYANUOLUWA\Documents\React\eventchimp-v2\node_modules\.pnpm\next@14.2.35_react-dom@18.3.1_react@18.3.1__react@18.3.1\node_modules\next\dist\server\load-components.js
<w>  at file dependencies C:\Users\IYANUOLUWA\Documents\React\eventchimp-v2\node_modules\.pnpm\next@14.2.35_react-dom@18.3.1_react@18.3.1__react@18.3.1\node_modules\next\dist\build\utils.js
<w>  at file C:\Users\IYANUOLUWA\Documents\React\eventchimp-v2\node_modules\.pnpm\next@14.2.35_react-dom@18.3.1_react@18.3.1__react@18.3.1\node_modules\next\dist\build\utils.js
<w>  at file dependencies C:\Users\IYANUOLUWA\Documents\React\eventchimp-v2\node_modules\.pnpm\next@14.2.35_react-dom@18.3.1_react@18.3.1__react@18.3.1\node_modules\next\dist\build\webpack\loaders\next-route-loader\index.js
<w>  at file C:\Users\IYANUOLUWA\Documents\React\eventchimp-v2\node_modules\.pnpm\next@14.2.35_react-dom@18.3.1_react@18.3.1__react@18.3.1\node_modules\next\dist\build\webpack\loaders\next-route-loader\index.js
<w>  at resolve commonjs C:\Users\IYANUOLUWA\Documents\React\eventchimp-v2\node_modules\.pnpm\next@14.2.35_react-dom@18.3.1_react@18.3.1__react@18.3.1\node_modules\next\dist\build\webpack\loaders\next-route-loader\index.js
<w> [webpack.cache.PackFileCacheStrategy/webpack.FileSystemInfo] Resolving './vendor-chunks/hasown@2.0.2' in C:\Users\IYANUOLUWA\Documents\React\eventchimp-v2\frontend\.next\server for build dependencies doesn't lead to expected result 'C:\Users\IYANUOLUWA\Documents\React\eventchimp-v2\frontend\.next\server\vendor-chunks\hasown@2.0.2.js', but to 'Error: Can't resolve './vendor-chunks/hasown@2.0.2' in 'C:\Users\IYANUOLUWA\Documents\React\eventchimp-v2\frontend\.next\server'' instead. Resolving dependencies are ignored for this path.
<w>  at resolve commonjs file ./vendor-chunks/hasown@2.0.2 (expected C:\Users\IYANUOLUWA\Documents\React\eventchimp-v2\frontend\.next\server\vendor-chunks\hasown@2.0.2.js)
<w>  at file dependencies C:\Users\IYANUOLUWA\Documents\React\eventchimp-v2\frontend\.next\server\webpack-runtime.js
<w>  at file C:\Users\IYANUOLUWA\Documents\React\eventchimp-v2\frontend\.next\server\webpack-runtime.js
<w>  at file dependencies C:\Users\IYANUOLUWA\Documents\React\eventchimp-v2\frontend\.next\server\app\(auth)\signup\page.js
<w>  at file C:\Users\IYANUOLUWA\Documents\React\eventchimp-v2\frontend\.next\server\app\(auth)\signup\page.js
<w>  at file dependencies C:\Users\IYANUOLUWA\Documents\React\eventchimp-v2\node_modules\.pnpm\next@14.2.35_react-dom@18.3.1_react@18.3.1__react@18.3.1\node_modules\next\dist\server\require.js
<w>  at file C:\Users\IYANUOLUWA\Documents\React\eventchimp-v2\node_modules\.pnpm\next@14.2.35_react-dom@18.3.1_react@18.3.1__react@18.3.1\node_modules\next\dist\server\require.js
<w>  at file dependencies C:\Users\IYANUOLUWA\Documents\React\eventchimp-v2\node_modules\.pnpm\next@14.2.35_react-dom@18.3.1_react@18.3.1__react@18.3.1\node_modules\next\dist\server\load-components.js
<w>  at file C:\Users\IYANUOLUWA\Documents\React\eventchimp-v2\node_modules\.pnpm\next@14.2.35_react-dom@18.3.1_react@18.3.1__react@18.3.1\node_modules\next\dist\server\load-components.js
<w>  at file dependencies C:\Users\IYANUOLUWA\Documents\React\eventchimp-v2\node_modules\.pnpm\next@14.2.35_react-dom@18.3.1_react@18.3.1__react@18.3.1\node_modules\next\dist\build\utils.js
<w>  at file C:\Users\IYANUOLUWA\Documents\React\eventchimp-v2\node_modules\.pnpm\next@14.2.35_react-dom@18.3.1_react@18.3.1__react@18.3.1\node_modules\next\dist\build\utils.js
<w>  at file dependencies C:\Users\IYANUOLUWA\Documents\React\eventchimp-v2\node_modules\.pnpm\next@14.2.35_react-dom@18.3.1_react@18.3.1__react@18.3.1\node_modules\next\dist\build\webpack\loaders\next-route-loader\index.js
<w>  at file C:\Users\IYANUOLUWA\Documents\React\eventchimp-v2\node_modules\.pnpm\next@14.2.35_react-dom@18.3.1_react@18.3.1__react@18.3.1\node_modules\next\dist\build\webpack\loaders\next-route-loader\index.js
<w>  at resolve commonjs C:\Users\IYANUOLUWA\Documents\React\eventchimp-v2\node_modules\.pnpm\next@14.2.35_react-dom@18.3.1_react@18.3.1__react@18.3.1\node_modules\next\dist\build\webpack\loaders\next-route-loader\index.js
<w> [webpack.cache.PackFileCacheStrategy/webpack.FileSystemInfo] Resolving './vendor-chunks/has-tostringtag@1.0.2' in C:\Users\IYANUOLUWA\Documents\React\eventchimp-v2\frontend\.next\server for build dependencies doesn't lead to expected result 'C:\Users\IYANUOLUWA\Documents\React\eventchimp-v2\frontend\.next\server\vendor-chunks\has-tostringtag@1.0.2.js', but to 'Error: Can't resolve './vendor-chunks/has-tostringtag@1.0.2' in 'C:\Users\IYANUOLUWA\Documents\React\eventchimp-v2\frontend\.next\server'' instead. Resolving dependencies are ignored for this path.
<w>  at resolve commonjs file ./vendor-chunks/has-tostringtag@1.0.2 (expected C:\Users\IYANUOLUWA\Documents\React\eventchimp-v2\frontend\.next\server\vendor-chunks\has-tostringtag@1.0.2.js)
<w>  at file dependencies C:\Users\IYANUOLUWA\Documents\React\eventchimp-v2\frontend\.next\server\webpack-runtime.js
<w>  at file C:\Users\IYANUOLUWA\Documents\React\eventchimp-v2\frontend\.next\server\webpack-runtime.js
<w>  at file dependencies C:\Users\IYANUOLUWA\Documents\React\eventchimp-v2\frontend\.next\server\app\(auth)\signup\page.js
<w>  at file C:\Users\IYANUOLUWA\Documents\React\eventchimp-v2\frontend\.next\server\app\(auth)\signup\page.js
<w>  at file dependencies C:\Users\IYANUOLUWA\Documents\React\eventchimp-v2\node_modules\.pnpm\next@14.2.35_react-dom@18.3.1_react@18.3.1__react@18.3.1\node_modules\next\dist\server\require.js
<w>  at file C:\Users\IYANUOLUWA\Documents\React\eventchimp-v2\node_modules\.pnpm\next@14.2.35_react-dom@18.3.1_react@18.3.1__react@18.3.1\node_modules\next\dist\server\require.js
<w>  at file dependencies C:\Users\IYANUOLUWA\Documents\React\eventchimp-v2\node_modules\.pnpm\next@14.2.35_react-dom@18.3.1_react@18.3.1__react@18.3.1\node_modules\next\dist\server\load-components.js
<w>  at file C:\Users\IYANUOLUWA\Documents\React\eventchimp-v2\node_modules\.pnpm\next@14.2.35_react-dom@18.3.1_react@18.3.1__react@18.3.1\node_modules\next\dist\server\load-components.js
<w>  at file dependencies C:\Users\IYANUOLUWA\Documents\React\eventchimp-v2\node_modules\.pnpm\next@14.2.35_react-dom@18.3.1_react@18.3.1__react@18.3.1\node_modules\next\dist\build\utils.js
<w>  at file C:\Users\IYANUOLUWA\Documents\React\eventchimp-v2\node_modules\.pnpm\next@14.2.35_react-dom@18.3.1_react@18.3.1__react@18.3.1\node_modules\next\dist\build\utils.js
<w>  at file dependencies C:\Users\IYANUOLUWA\Documents\React\eventchimp-v2\node_modules\.pnpm\next@14.2.35_react-dom@18.3.1_react@18.3.1__react@18.3.1\node_modules\next\dist\build\webpack\loaders\next-route-loader\index.js
<w>  at file C:\Users\IYANUOLUWA\Documents\React\eventchimp-v2\node_modules\.pnpm\next@14.2.35_react-dom@18.3.1_react@18.3.1__react@18.3.1\node_modules\next\dist\build\webpack\loaders\next-route-loader\index.js
<w>  at resolve commonjs C:\Users\IYANUOLUWA\Documents\React\eventchimp-v2\node_modules\.pnpm\next@14.2.35_react-dom@18.3.1_react@18.3.1__react@18.3.1\node_modules\next\dist\build\webpack\loaders\next-route-loader\index.js
<w> [webpack.cache.PackFileCacheStrategy/webpack.FileSystemInfo] Resolving './vendor-chunks/es-define-property@1.0.1' in C:\Users\IYANUOLUWA\Documents\React\eventchimp-v2\frontend\.next\server for build dependencies doesn't lead to expected result 'C:\Users\IYANUOLUWA\Documents\React\eventchimp-v2\frontend\.next\server\vendor-chunks\es-define-property@1.0.1.js', but to 'Error: Can't resolve './vendor-chunks/es-define-property@1.0.1' in 'C:\Users\IYANUOLUWA\Documents\React\eventchimp-v2\frontend\.next\server'' instead. Resolving dependencies are ignored for this path.
<w>  at resolve commonjs file ./vendor-chunks/es-define-property@1.0.1 (expected C:\Users\IYANUOLUWA\Documents\React\eventchimp-v2\frontend\.next\server\vendor-chunks\es-define-property@1.0.1.js)
<w>  at file dependencies C:\Users\IYANUOLUWA\Documents\React\eventchimp-v2\frontend\.next\server\webpack-runtime.js
<w>  at file C:\Users\IYANUOLUWA\Documents\React\eventchimp-v2\frontend\.next\server\webpack-runtime.js
<w>  at file dependencies C:\Users\IYANUOLUWA\Documents\React\eventchimp-v2\frontend\.next\server\app\(auth)\signup\page.js
<w>  at file C:\Users\IYANUOLUWA\Documents\React\eventchimp-v2\frontend\.next\server\app\(auth)\signup\page.js
<w>  at file dependencies C:\Users\IYANUOLUWA\Documents\React\eventchimp-v2\node_modules\.pnpm\next@14.2.35_react-dom@18.3.1_react@18.3.1__react@18.3.1\node_modules\next\dist\server\require.js
<w>  at file C:\Users\IYANUOLUWA\Documents\React\eventchimp-v2\node_modules\.pnpm\next@14.2.35_react-dom@18.3.1_react@18.3.1__react@18.3.1\node_modules\next\dist\server\require.js
<w>  at file dependencies C:\Users\IYANUOLUWA\Documents\React\eventchimp-v2\node_modules\.pnpm\next@14.2.35_react-dom@18.3.1_react@18.3.1__react@18.3.1\node_modules\next\dist\server\load-components.js
<w>  at file C:\Users\IYANUOLUWA\Documents\React\eventchimp-v2\node_modules\.pnpm\next@14.2.35_react-dom@18.3.1_react@18.3.1__react@18.3.1\node_modules\next\dist\server\load-components.js
<w>  at file dependencies C:\Users\IYANUOLUWA\Documents\React\eventchimp-v2\node_modules\.pnpm\next@14.2.35_react-dom@18.3.1_react@18.3.1__react@18.3.1\node_modules\next\dist\build\utils.js
<w>  at file C:\Users\IYANUOLUWA\Documents\React\eventchimp-v2\node_modules\.pnpm\next@14.2.35_react-dom@18.3.1_react@18.3.1__react@18.3.1\node_modules\next\dist\build\utils.js
<w>  at file dependencies C:\Users\IYANUOLUWA\Documents\React\eventchimp-v2\node_modules\.pnpm\next@14.2.35_react-dom@18.3.1_react@18.3.1__react@18.3.1\node_modules\next\dist\build\webpack\loaders\next-route-loader\index.js
<w>  at file C:\Users\IYANUOLUWA\Documents\React\eventchimp-v2\node_modules\.pnpm\next@14.2.35_react-dom@18.3.1_react@18.3.1__react@18.3.1\node_modules\next\dist\build\webpack\loaders\next-route-loader\index.js
<w>  at resolve commonjs C:\Users\IYANUOLUWA\Documents\React\eventchimp-v2\node_modules\.pnpm\next@14.2.35_react-dom@18.3.1_react@18.3.1__react@18.3.1\node_modules\next\dist\build\webpack\loaders\next-route-loader\index.js
<w> [webpack.cache.PackFileCacheStrategy/webpack.FileSystemInfo] Resolving './vendor-chunks/gopd@1.2.0' in C:\Users\IYANUOLUWA\Documents\React\eventchimp-v2\frontend\.next\server for build dependencies doesn't lead to expected result 'C:\Users\IYANUOLUWA\Documents\React\eventchimp-v2\frontend\.next\server\vendor-chunks\gopd@1.2.0.js', but to 'Error: Can't resolve './vendor-chunks/gopd@1.2.0' in 'C:\Users\IYANUOLUWA\Documents\React\eventchimp-v2\frontend\.next\server'' instead. Resolving dependencies are ignored for this path.
<w>  at resolve commonjs file ./vendor-chunks/gopd@1.2.0 (expected C:\Users\IYANUOLUWA\Documents\React\eventchimp-v2\frontend\.next\server\vendor-chunks\gopd@1.2.0.js)
<w>  at file dependencies C:\Users\IYANUOLUWA\Documents\React\eventchimp-v2\frontend\.next\server\webpack-runtime.js
<w>  at file C:\Users\IYANUOLUWA\Documents\React\eventchimp-v2\frontend\.next\server\webpack-runtime.js
<w>  at file dependencies C:\Users\IYANUOLUWA\Documents\React\eventchimp-v2\frontend\.next\server\app\(auth)\signup\page.js
<w>  at file C:\Users\IYANUOLUWA\Documents\React\eventchimp-v2\frontend\.next\server\app\(auth)\signup\page.js
<w>  at file dependencies C:\Users\IYANUOLUWA\Documents\React\eventchimp-v2\node_modules\.pnpm\next@14.2.35_react-dom@18.3.1_react@18.3.1__react@18.3.1\node_modules\next\dist\server\require.js
<w>  at file C:\Users\IYANUOLUWA\Documents\React\eventchimp-v2\node_modules\.pnpm\next@14.2.35_react-dom@18.3.1_react@18.3.1__react@18.3.1\node_modules\next\dist\server\require.js
<w>  at file dependencies C:\Users\IYANUOLUWA\Documents\React\eventchimp-v2\node_modules\.pnpm\next@14.2.35_react-dom@18.3.1_react@18.3.1__react@18.3.1\node_modules\next\dist\server\load-components.js
<w>  at file C:\Users\IYANUOLUWA\Documents\React\eventchimp-v2\node_modules\.pnpm\next@14.2.35_react-dom@18.3.1_react@18.3.1__react@18.3.1\node_modules\next\dist\server\load-components.js
<w>  at file dependencies C:\Users\IYANUOLUWA\Documents\React\eventchimp-v2\node_modules\.pnpm\next@14.2.35_react-dom@18.3.1_react@18.3.1__react@18.3.1\node_modules\next\dist\build\utils.js
<w>  at file C:\Users\IYANUOLUWA\Documents\React\eventchimp-v2\node_modules\.pnpm\next@14.2.35_react-dom@18.3.1_react@18.3.1__react@18.3.1\node_modules\next\dist\build\utils.js
<w>  at file dependencies C:\Users\IYANUOLUWA\Documents\React\eventchimp-v2\node_modules\.pnpm\next@14.2.35_react-dom@18.3.1_react@18.3.1__react@18.3.1\node_modules\next\dist\build\webpack\loaders\next-route-loader\index.js
<w>  at file C:\Users\IYANUOLUWA\Documents\React\eventchimp-v2\node_modules\.pnpm\next@14.2.35_react-dom@18.3.1_react@18.3.1__react@18.3.1\node_modules\next\dist\build\webpack\loaders\next-route-loader\index.js
<w>  at resolve commonjs C:\Users\IYANUOLUWA\Documents\React\eventchimp-v2\node_modules\.pnpm\next@14.2.35_react-dom@18.3.1_react@18.3.1__react@18.3.1\node_modules\next\dist\build\webpack\loaders\next-route-loader\index.js
<w> [webpack.cache.PackFileCacheStrategy/webpack.FileSystemInfo] Resolving '.pnpm/next@14.2.35_react-dom@18.3.1_react@18.3.1__react@18.3.1/node_modules/next/dist/client/components/action-async-storage.external' in C:\Users\IYANUOLUWA\Documents\React\eventchimp-v2\frontend\.next\server\app\_not-found for build dependencies doesn't lead to expected result 'C:\Users\IYANUOLUWA\Documents\React\eventchimp-v2\node_modules\.pnpm\next@14.2.35_react-dom@18.3.1_react@18.3.1__react@18.3.1\node_modules\next\dist\client\components\action-async-storage.external.js', but to 'C:\Users\IYANUOLUWA\Documents\React\eventchimp-v2\frontend\node_modules\.pnpm\next@14.2.35_react-dom@18.3.1_react@18.3.1__react@18.3.1\node_modules\next\dist\client\components\action-async-storage.external.js' instead. Resolving dependencies are ignored for this path.
<w>  at unknown 4 .pnpm/next@14.2.35_react-dom@18.3.1_react@18.3.1__react@18.3.1/node_modules/next/dist/client/components/action-async-storage.external
<w>  at file dependencies C:\Users\IYANUOLUWA\Documents\React\eventchimp-v2\frontend\.next\server\app\_not-found\page.js
<w>  at file C:\Users\IYANUOLUWA\Documents\React\eventchimp-v2\frontend\.next\server\app\_not-found\page.js
<w>  at file dependencies C:\Users\IYANUOLUWA\Documents\React\eventchimp-v2\node_modules\.pnpm\next@14.2.35_react-dom@18.3.1_react@18.3.1__react@18.3.1\node_modules\next\dist\server\require.js
<w>  at file C:\Users\IYANUOLUWA\Documents\React\eventchimp-v2\node_modules\.pnpm\next@14.2.35_react-dom@18.3.1_react@18.3.1__react@18.3.1\node_modules\next\dist\server\require.js
<w>  at file dependencies C:\Users\IYANUOLUWA\Documents\React\eventchimp-v2\node_modules\.pnpm\next@14.2.35_react-dom@18.3.1_react@18.3.1__react@18.3.1\node_modules\next\dist\server\load-components.js
<w>  at file C:\Users\IYANUOLUWA\Documents\React\eventchimp-v2\node_modules\.pnpm\next@14.2.35_react-dom@18.3.1_react@18.3.1__react@18.3.1\node_modules\next\dist\server\load-components.js
<w>  at file dependencies C:\Users\IYANUOLUWA\Documents\React\eventchimp-v2\node_modules\.pnpm\next@14.2.35_react-dom@18.3.1_react@18.3.1__react@18.3.1\node_modules\next\dist\build\utils.js
<w>  at file C:\Users\IYANUOLUWA\Documents\React\eventchimp-v2\node_modules\.pnpm\next@14.2.35_react-dom@18.3.1_react@18.3.1__react@18.3.1\node_modules\next\dist\build\utils.js
<w>  at file dependencies C:\Users\IYANUOLUWA\Documents\React\eventchimp-v2\node_modules\.pnpm\next@14.2.35_react-dom@18.3.1_react@18.3.1__react@18.3.1\node_modules\next\dist\build\webpack\loaders\next-route-loader\index.js
<w>  at file C:\Users\IYANUOLUWA\Documents\React\eventchimp-v2\node_modules\.pnpm\next@14.2.35_react-dom@18.3.1_react@18.3.1__react@18.3.1\node_modules\next\dist\build\webpack\loaders\next-route-loader\index.js
<w>  at resolve commonjs C:\Users\IYANUOLUWA\Documents\React\eventchimp-v2\node_modules\.pnpm\next@14.2.35_react-dom@18.3.1_react@18.3.1__react@18.3.1\node_modules\next\dist\build\webpack\loaders\next-route-loader\index.js
<w> [webpack.cache.PackFileCacheStrategy/webpack.FileSystemInfo] Resolving '.pnpm/next@14.2.35_react-dom@18.3.1_react@18.3.1__react@18.3.1/node_modules/next/dist/client/components/action-async-storage.external' in C:\Users\IYANUOLUWA\Documents\React\eventchimp-v2\frontend\.next\server\app\dashboard\events\new for build dependencies doesn't lead to expected result 'C:\Users\IYANUOLUWA\Documents\React\eventchimp-v2\node_modules\.pnpm\next@14.2.35_react-dom@18.3.1_react@18.3.1__react@18.3.1\node_modules\next\dist\client\components\action-async-storage.external.js', but to 'C:\Users\IYANUOLUWA\Documents\React\eventchimp-v2\frontend\node_modules\.pnpm\next@14.2.35_react-dom@18.3.1_react@18.3.1__react@18.3.1\node_modules\next\dist\client\components\action-async-storage.external.js' instead. Resolving dependencies are ignored for this path.
<w>  at unknown 4 .pnpm/next@14.2.35_react-dom@18.3.1_react@18.3.1__react@18.3.1/node_modules/next/dist/client/components/action-async-storage.external
<w>  at file dependencies C:\Users\IYANUOLUWA\Documents\React\eventchimp-v2\frontend\.next\server\app\dashboard\events\new\page.js
<w>  at file C:\Users\IYANUOLUWA\Documents\React\eventchimp-v2\frontend\.next\server\app\dashboard\events\new\page.js
<w>  at file dependencies C:\Users\IYANUOLUWA\Documents\React\eventchimp-v2\node_modules\.pnpm\next@14.2.35_react-dom@18.3.1_react@18.3.1__react@18.3.1\node_modules\next\dist\server\require.js
<w>  at file C:\Users\IYANUOLUWA\Documents\React\eventchimp-v2\node_modules\.pnpm\next@14.2.35_react-dom@18.3.1_react@18.3.1__react@18.3.1\node_modules\next\dist\server\require.js
<w>  at file dependencies C:\Users\IYANUOLUWA\Documents\React\eventchimp-v2\node_modules\.pnpm\next@14.2.35_react-dom@18.3.1_react@18.3.1__react@18.3.1\node_modules\next\dist\server\load-components.js
<w>  at file C:\Users\IYANUOLUWA\Documents\React\eventchimp-v2\node_modules\.pnpm\next@14.2.35_react-dom@18.3.1_react@18.3.1__react@18.3.1\node_modules\next\dist\server\load-components.js
<w>  at file dependencies C:\Users\IYANUOLUWA\Documents\React\eventchimp-v2\node_modules\.pnpm\next@14.2.35_react-dom@18.3.1_react@18.3.1__react@18.3.1\node_modules\next\dist\build\utils.js
<w>  at file C:\Users\IYANUOLUWA\Documents\React\eventchimp-v2\node_modules\.pnpm\next@14.2.35_react-dom@18.3.1_react@18.3.1__react@18.3.1\node_modules\next\dist\build\utils.js
<w>  at file dependencies C:\Users\IYANUOLUWA\Documents\React\eventchimp-v2\node_modules\.pnpm\next@14.2.35_react-dom@18.3.1_react@18.3.1__react@18.3.1\node_modules\next\dist\build\webpack\loaders\next-route-loader\index.js
<w>  at file C:\Users\IYANUOLUWA\Documents\React\eventchimp-v2\node_modules\.pnpm\next@14.2.35_react-dom@18.3.1_react@18.3.1__react@18.3.1\node_modules\next\dist\build\webpack\loaders\next-route-loader\index.js
<w>  at resolve commonjs C:\Users\IYANUOLUWA\Documents\React\eventchimp-v2\node_modules\.pnpm\next@14.2.35_react-dom@18.3.1_react@18.3.1__react@18.3.1\node_modules\next\dist\build\webpack\loaders\next-route-loader\index.js
